2025-09-08 20:14:26 ERROR Error: Path doesn't exist: 'I:\\Work\\Programming\\Programming_Projects\\Flasheeta\\migrations'.  Please use the 'init' command to create a new scripts folder.
2025-09-08 20:15:24 ERROR Error: Path doesn't exist: 'I:\\Work\\Programming\\Programming_Projects\\Flasheeta\\migrations'.  Please use the 'init' command to create a new scripts folder.
2025-09-08 20:15:40 ERROR Error: Path doesn't exist: 'I:\\Work\\Programming\\Programming_Projects\\Flasheeta\\migrations'.  Please use the 'init' command to create a new scripts folder.
2025-09-08 20:16:42 INFO [31m[1mWARNING: This is a development server. Do not use it in a production deployment. Use a production WSGI server instead.[0m
 * Running on http://127.0.0.1:5000
2025-09-08 20:16:42 INFO [33mPress CTRL+C to quit[0m
2025-09-08 20:17:02 INFO 127.0.0.1 - - [08/Sep/2025 20:17:02] "[32mGET / HTTP/1.1[0m" 302 -
2025-09-08 20:17:03 INFO 127.0.0.1 - - [08/Sep/2025 20:17:03] "GET /auth/login HTTP/1.1" 200 -
2025-09-08 20:17:03 INFO 127.0.0.1 - - [08/Sep/2025 20:17:03] "GET /static/styles/auth_common.css HTTP/1.1" 200 -
2025-09-08 20:17:03 INFO 127.0.0.1 - - [08/Sep/2025 20:17:03] "GET /static/styles/login.css HTTP/1.1" 200 -
2025-09-08 20:17:03 INFO 127.0.0.1 - - [08/Sep/2025 20:17:03] "[33mGET /favicon.ico HTTP/1.1[0m" 404 -
2025-09-08 20:17:07 INFO 127.0.0.1 - - [08/Sep/2025 20:17:07] "POST /auth/login HTTP/1.1" 200 -
2025-09-08 20:17:07 INFO 127.0.0.1 - - [08/Sep/2025 20:17:07] "[36mGET /static/styles/auth_common.css HTTP/1.1[0m" 304 -
2025-09-08 20:17:07 INFO 127.0.0.1 - - [08/Sep/2025 20:17:07] "[36mGET /static/styles/login.css HTTP/1.1[0m" 304 -
2025-09-08 20:17:09 INFO 127.0.0.1 - - [08/Sep/2025 20:17:09] "GET /auth/register HTTP/1.1" 200 -
2025-09-08 20:17:09 INFO 127.0.0.1 - - [08/Sep/2025 20:17:09] "[36mGET /static/styles/auth_common.css HTTP/1.1[0m" 304 -
2025-09-08 20:17:09 INFO 127.0.0.1 - - [08/Sep/2025 20:17:09] "GET /static/styles/register.css HTTP/1.1" 200 -
2025-09-08 20:17:14 INFO 127.0.0.1 - - [08/Sep/2025 20:17:14] "[32mPOST /auth/register HTTP/1.1[0m" 302 -
2025-09-08 20:17:14 INFO 127.0.0.1 - - [08/Sep/2025 20:17:14] "GET /users/me/decks?user_id=7648f1ea-e7cc-4e49-84b1-cf2c4c507111 HTTP/1.1" 200 -
2025-09-08 20:17:14 INFO 127.0.0.1 - - [08/Sep/2025 20:17:14] "GET /static/styles/header.css HTTP/1.1" 200 -
2025-09-08 20:17:14 INFO 127.0.0.1 - - [08/Sep/2025 20:17:14] "GET /static/styles/common.css HTTP/1.1" 200 -
2025-09-08 20:17:14 INFO 127.0.0.1 - - [08/Sep/2025 20:17:14] "GET /static/styles/all_decks.css HTTP/1.1" 200 -
2025-09-08 20:17:14 INFO 127.0.0.1 - - [08/Sep/2025 20:17:14] "GET /static/scripts/all_decks.js HTTP/1.1" 200 -
2025-09-08 20:17:14 INFO 127.0.0.1 - - [08/Sep/2025 20:17:14] "GET /static/scripts/navbar_link_color.js HTTP/1.1" 200 -
2025-09-08 20:17:14 INFO 127.0.0.1 - - [08/Sep/2025 20:17:14] "[31m[1mGET /api/v1/users/me/decks HTTP/1.1[0m" 401 -
2025-09-08 20:17:17 INFO 127.0.0.1 - - [08/Sep/2025 20:17:17] "GET /users/me/flashcards/new HTTP/1.1" 200 -
2025-09-08 20:17:17 INFO 127.0.0.1 - - [08/Sep/2025 20:17:17] "[36mGET /static/styles/common.css HTTP/1.1[0m" 304 -
2025-09-08 20:17:17 INFO 127.0.0.1 - - [08/Sep/2025 20:17:17] "[36mGET /static/styles/header.css HTTP/1.1[0m" 304 -
2025-09-08 20:17:17 INFO 127.0.0.1 - - [08/Sep/2025 20:17:17] "[36mGET /static/scripts/navbar_link_color.js HTTP/1.1[0m" 304 -
2025-09-08 20:17:17 INFO 127.0.0.1 - - [08/Sep/2025 20:17:17] "GET /static/styles/new_flashcard.css HTTP/1.1" 200 -
2025-09-08 20:17:17 INFO 127.0.0.1 - - [08/Sep/2025 20:17:17] "GET /static/scripts/new_deck_textfield.js HTTP/1.1" 200 -
2025-09-08 20:17:18 INFO 127.0.0.1 - - [08/Sep/2025 20:17:18] "GET /users/me/profile HTTP/1.1" 200 -
2025-09-08 20:17:18 INFO 127.0.0.1 - - [08/Sep/2025 20:17:18] "[36mGET /static/styles/common.css HTTP/1.1[0m" 304 -
2025-09-08 20:17:18 INFO 127.0.0.1 - - [08/Sep/2025 20:17:18] "[36mGET /static/styles/header.css HTTP/1.1[0m" 304 -
2025-09-08 20:17:18 INFO 127.0.0.1 - - [08/Sep/2025 20:17:18] "[36mGET /static/scripts/navbar_link_color.js HTTP/1.1[0m" 304 -
2025-09-08 20:17:18 INFO 127.0.0.1 - - [08/Sep/2025 20:17:18] "GET /static/scripts/profile.js HTTP/1.1" 200 -
2025-09-08 20:17:18 INFO 127.0.0.1 - - [08/Sep/2025 20:17:18] "GET /static/styles/profile.css HTTP/1.1" 200 -
2025-09-08 20:17:19 INFO 127.0.0.1 - - [08/Sep/2025 20:17:19] "GET /users/me/flashcards/new HTTP/1.1" 200 -
2025-09-08 20:17:19 INFO 127.0.0.1 - - [08/Sep/2025 20:17:19] "[36mGET /static/styles/common.css HTTP/1.1[0m" 304 -
2025-09-08 20:17:19 INFO 127.0.0.1 - - [08/Sep/2025 20:17:19] "[36mGET /static/styles/header.css HTTP/1.1[0m" 304 -
2025-09-08 20:17:19 INFO 127.0.0.1 - - [08/Sep/2025 20:17:19] "[36mGET /static/styles/new_flashcard.css HTTP/1.1[0m" 304 -
2025-09-08 20:17:19 INFO 127.0.0.1 - - [08/Sep/2025 20:17:19] "[36mGET /static/scripts/navbar_link_color.js HTTP/1.1[0m" 304 -
2025-09-08 20:17:19 INFO 127.0.0.1 - - [08/Sep/2025 20:17:19] "[36mGET /static/scripts/new_deck_textfield.js HTTP/1.1[0m" 304 -
2025-09-08 20:17:20 INFO 127.0.0.1 - - [08/Sep/2025 20:17:20] "GET /users/me/decks HTTP/1.1" 200 -
2025-09-08 20:17:20 INFO 127.0.0.1 - - [08/Sep/2025 20:17:20] "[36mGET /static/styles/common.css HTTP/1.1[0m" 304 -
2025-09-08 20:17:20 INFO 127.0.0.1 - - [08/Sep/2025 20:17:20] "[36mGET /static/styles/header.css HTTP/1.1[0m" 304 -
2025-09-08 20:17:20 INFO 127.0.0.1 - - [08/Sep/2025 20:17:20] "[36mGET /static/styles/all_decks.css HTTP/1.1[0m" 304 -
2025-09-08 20:17:20 INFO 127.0.0.1 - - [08/Sep/2025 20:17:20] "[36mGET /static/scripts/all_decks.js HTTP/1.1[0m" 304 -
2025-09-08 20:17:20 INFO 127.0.0.1 - - [08/Sep/2025 20:17:20] "[36mGET /static/scripts/navbar_link_color.js HTTP/1.1[0m" 304 -
2025-09-08 20:17:20 INFO 127.0.0.1 - - [08/Sep/2025 20:17:20] "[31m[1mGET /api/v1/users/me/decks HTTP/1.1[0m" 401 -
2025-09-08 20:17:21 INFO 127.0.0.1 - - [08/Sep/2025 20:17:21] "GET /users/me/flashcards/new HTTP/1.1" 200 -
2025-09-08 20:17:21 INFO 127.0.0.1 - - [08/Sep/2025 20:17:21] "[36mGET /static/styles/common.css HTTP/1.1[0m" 304 -
2025-09-08 20:17:21 INFO 127.0.0.1 - - [08/Sep/2025 20:17:21] "[36mGET /static/styles/header.css HTTP/1.1[0m" 304 -
2025-09-08 20:17:21 INFO 127.0.0.1 - - [08/Sep/2025 20:17:21] "[36mGET /static/scripts/new_deck_textfield.js HTTP/1.1[0m" 304 -
2025-09-08 20:17:21 INFO 127.0.0.1 - - [08/Sep/2025 20:17:21] "[36mGET /static/styles/new_flashcard.css HTTP/1.1[0m" 304 -
2025-09-08 20:17:21 INFO 127.0.0.1 - - [08/Sep/2025 20:17:21] "[36mGET /static/scripts/navbar_link_color.js HTTP/1.1[0m" 304 -
2025-09-08 20:17:22 INFO 127.0.0.1 - - [08/Sep/2025 20:17:22] "GET /users/me/profile HTTP/1.1" 200 -
2025-09-08 20:17:22 INFO 127.0.0.1 - - [08/Sep/2025 20:17:22] "[36mGET /static/styles/common.css HTTP/1.1[0m" 304 -
2025-09-08 20:17:22 INFO 127.0.0.1 - - [08/Sep/2025 20:17:22] "[36mGET /static/styles/header.css HTTP/1.1[0m" 304 -
2025-09-08 20:17:22 INFO 127.0.0.1 - - [08/Sep/2025 20:17:22] "[36mGET /static/styles/profile.css HTTP/1.1[0m" 304 -
2025-09-08 20:17:22 INFO 127.0.0.1 - - [08/Sep/2025 20:17:22] "[36mGET /static/scripts/profile.js HTTP/1.1[0m" 304 -
2025-09-08 20:17:22 INFO 127.0.0.1 - - [08/Sep/2025 20:17:22] "[36mGET /static/scripts/navbar_link_color.js HTTP/1.1[0m" 304 -
2025-09-08 20:17:24 INFO 127.0.0.1 - - [08/Sep/2025 20:17:24] "GET /users/me/decks HTTP/1.1" 200 -
2025-09-08 20:17:24 INFO 127.0.0.1 - - [08/Sep/2025 20:17:24] "[36mGET /static/styles/common.css HTTP/1.1[0m" 304 -
2025-09-08 20:17:24 INFO 127.0.0.1 - - [08/Sep/2025 20:17:24] "[36mGET /static/styles/header.css HTTP/1.1[0m" 304 -
2025-09-08 20:17:24 INFO 127.0.0.1 - - [08/Sep/2025 20:17:24] "[36mGET /static/scripts/navbar_link_color.js HTTP/1.1[0m" 304 -
2025-09-08 20:17:24 INFO 127.0.0.1 - - [08/Sep/2025 20:17:24] "[36mGET /static/scripts/all_decks.js HTTP/1.1[0m" 304 -
2025-09-08 20:17:24 INFO 127.0.0.1 - - [08/Sep/2025 20:17:24] "[36mGET /static/styles/all_decks.css HTTP/1.1[0m" 304 -
2025-09-08 20:17:24 INFO 127.0.0.1 - - [08/Sep/2025 20:17:24] "[31m[1mGET /api/v1/users/me/decks HTTP/1.1[0m" 401 -
2025-09-08 20:18:27 INFO 127.0.0.1 - - [08/Sep/2025 20:18:27] "GET /users/me/decks HTTP/1.1" 200 -
2025-09-08 20:18:27 INFO 127.0.0.1 - - [08/Sep/2025 20:18:27] "[36mGET /static/styles/common.css HTTP/1.1[0m" 304 -
2025-09-08 20:18:27 INFO 127.0.0.1 - - [08/Sep/2025 20:18:27] "[36mGET /static/styles/header.css HTTP/1.1[0m" 304 -
2025-09-08 20:18:27 INFO 127.0.0.1 - - [08/Sep/2025 20:18:27] "[36mGET /static/styles/all_decks.css HTTP/1.1[0m" 304 -
2025-09-08 20:18:27 INFO 127.0.0.1 - - [08/Sep/2025 20:18:27] "[36mGET /static/scripts/all_decks.js HTTP/1.1[0m" 304 -
2025-09-08 20:18:27 INFO 127.0.0.1 - - [08/Sep/2025 20:18:27] "[36mGET /static/scripts/navbar_link_color.js HTTP/1.1[0m" 304 -
2025-09-08 20:18:27 INFO 127.0.0.1 - - [08/Sep/2025 20:18:27] "[31m[1mGET /api/v1/users/me/decks HTTP/1.1[0m" 401 -
2025-09-08 20:18:29 INFO 127.0.0.1 - - [08/Sep/2025 20:18:29] "GET /users/me/decks HTTP/1.1" 200 -
2025-09-08 20:18:29 INFO 127.0.0.1 - - [08/Sep/2025 20:18:29] "[36mGET /static/styles/common.css HTTP/1.1[0m" 304 -
2025-09-08 20:18:29 INFO 127.0.0.1 - - [08/Sep/2025 20:18:29] "[36mGET /static/styles/header.css HTTP/1.1[0m" 304 -
2025-09-08 20:18:29 INFO 127.0.0.1 - - [08/Sep/2025 20:18:29] "[36mGET /static/styles/all_decks.css HTTP/1.1[0m" 304 -
2025-09-08 20:18:29 INFO 127.0.0.1 - - [08/Sep/2025 20:18:29] "[36mGET /static/scripts/all_decks.js HTTP/1.1[0m" 304 -
2025-09-08 20:18:29 INFO 127.0.0.1 - - [08/Sep/2025 20:18:29] "[36mGET /static/scripts/navbar_link_color.js HTTP/1.1[0m" 304 -
2025-09-08 20:18:29 INFO 127.0.0.1 - - [08/Sep/2025 20:18:29] "[31m[1mGET /api/v1/users/me/decks HTTP/1.1[0m" 401 -
2025-09-08 20:18:33 INFO 127.0.0.1 - - [08/Sep/2025 20:18:33] "GET /users/me/flashcards/new HTTP/1.1" 200 -
2025-09-08 20:18:33 INFO 127.0.0.1 - - [08/Sep/2025 20:18:33] "[36mGET /static/styles/common.css HTTP/1.1[0m" 304 -
2025-09-08 20:18:33 INFO 127.0.0.1 - - [08/Sep/2025 20:18:33] "[36mGET /static/styles/header.css HTTP/1.1[0m" 304 -
2025-09-08 20:18:33 INFO 127.0.0.1 - - [08/Sep/2025 20:18:33] "[36mGET /static/styles/new_flashcard.css HTTP/1.1[0m" 304 -
2025-09-08 20:18:33 INFO 127.0.0.1 - - [08/Sep/2025 20:18:33] "[36mGET /static/scripts/new_deck_textfield.js HTTP/1.1[0m" 304 -
2025-09-08 20:18:33 INFO 127.0.0.1 - - [08/Sep/2025 20:18:33] "[36mGET /static/scripts/navbar_link_color.js HTTP/1.1[0m" 304 -
2025-09-08 20:18:34 INFO 127.0.0.1 - - [08/Sep/2025 20:18:34] "GET /users/me/decks HTTP/1.1" 200 -
2025-09-08 20:18:34 INFO 127.0.0.1 - - [08/Sep/2025 20:18:34] "[36mGET /static/styles/common.css HTTP/1.1[0m" 304 -
2025-09-08 20:18:34 INFO 127.0.0.1 - - [08/Sep/2025 20:18:34] "[36mGET /static/styles/header.css HTTP/1.1[0m" 304 -
2025-09-08 20:18:34 INFO 127.0.0.1 - - [08/Sep/2025 20:18:34] "[36mGET /static/styles/all_decks.css HTTP/1.1[0m" 304 -
2025-09-08 20:18:34 INFO 127.0.0.1 - - [08/Sep/2025 20:18:34] "[36mGET /static/scripts/all_decks.js HTTP/1.1[0m" 304 -
2025-09-08 20:18:34 INFO 127.0.0.1 - - [08/Sep/2025 20:18:34] "[36mGET /static/scripts/navbar_link_color.js HTTP/1.1[0m" 304 -
2025-09-08 20:18:34 INFO 127.0.0.1 - - [08/Sep/2025 20:18:34] "[31m[1mGET /api/v1/users/me/decks HTTP/1.1[0m" 401 -
2025-09-08 20:21:08 INFO 127.0.0.1 - - [08/Sep/2025 20:21:08] "GET /users/me/decks HTTP/1.1" 200 -
2025-09-08 20:21:08 INFO 127.0.0.1 - - [08/Sep/2025 20:21:08] "[36mGET /static/styles/common.css HTTP/1.1[0m" 304 -
2025-09-08 20:21:08 INFO 127.0.0.1 - - [08/Sep/2025 20:21:08] "[36mGET /static/styles/header.css HTTP/1.1[0m" 304 -
2025-09-08 20:21:08 INFO 127.0.0.1 - - [08/Sep/2025 20:21:08] "[36mGET /static/styles/all_decks.css HTTP/1.1[0m" 304 -
2025-09-08 20:21:08 INFO 127.0.0.1 - - [08/Sep/2025 20:21:08] "[36mGET /static/scripts/navbar_link_color.js HTTP/1.1[0m" 304 -
2025-09-08 20:21:08 INFO 127.0.0.1 - - [08/Sep/2025 20:21:08] "GET /static/scripts/all_decks.js HTTP/1.1" 200 -
2025-09-08 20:21:08 INFO 127.0.0.1 - - [08/Sep/2025 20:21:08] "[31m[1mGET /api/v1/users/me/decks HTTP/1.1[0m" 401 -
2025-09-08 20:21:14 INFO 127.0.0.1 - - [08/Sep/2025 20:21:14] "GET /users/me/decks HTTP/1.1" 200 -
2025-09-08 20:21:14 INFO 127.0.0.1 - - [08/Sep/2025 20:21:14] "[36mGET /static/styles/common.css HTTP/1.1[0m" 304 -
2025-09-08 20:21:14 INFO 127.0.0.1 - - [08/Sep/2025 20:21:14] "[36mGET /static/styles/header.css HTTP/1.1[0m" 304 -
2025-09-08 20:21:14 INFO 127.0.0.1 - - [08/Sep/2025 20:21:14] "[36mGET /static/styles/all_decks.css HTTP/1.1[0m" 304 -
2025-09-08 20:21:14 INFO 127.0.0.1 - - [08/Sep/2025 20:21:14] "[36mGET /static/scripts/all_decks.js HTTP/1.1[0m" 304 -
2025-09-08 20:21:14 INFO 127.0.0.1 - - [08/Sep/2025 20:21:14] "[36mGET /static/scripts/navbar_link_color.js HTTP/1.1[0m" 304 -
2025-09-08 20:21:14 INFO 127.0.0.1 - - [08/Sep/2025 20:21:14] "[31m[1mGET /api/v1/users/me/decks HTTP/1.1[0m" 401 -
2025-09-08 20:22:14 INFO 127.0.0.1 - - [08/Sep/2025 20:22:14] "GET /users/me/profile HTTP/1.1" 200 -
2025-09-08 20:22:14 INFO 127.0.0.1 - - [08/Sep/2025 20:22:14] "[36mGET /static/styles/common.css HTTP/1.1[0m" 304 -
2025-09-08 20:22:14 INFO 127.0.0.1 - - [08/Sep/2025 20:22:14] "[36mGET /static/styles/header.css HTTP/1.1[0m" 304 -
2025-09-08 20:22:14 INFO 127.0.0.1 - - [08/Sep/2025 20:22:14] "[36mGET /static/scripts/navbar_link_color.js HTTP/1.1[0m" 304 -
2025-09-08 20:22:14 INFO 127.0.0.1 - - [08/Sep/2025 20:22:14] "GET /static/styles/profile.css HTTP/1.1" 200 -
2025-09-08 20:22:14 INFO 127.0.0.1 - - [08/Sep/2025 20:22:14] "GET /static/scripts/profile.js HTTP/1.1" 200 -
2025-09-08 20:22:15 INFO 127.0.0.1 - - [08/Sep/2025 20:22:15] "[31m[1mGET /auth/logout HTTP/1.1[0m" 401 -
2025-09-08 20:22:15 INFO 127.0.0.1 - - [08/Sep/2025 20:22:15] "[33mGET /favicon.ico HTTP/1.1[0m" 404 -
2025-09-08 20:22:26 INFO 127.0.0.1 - - [08/Sep/2025 20:22:26] "[31m[1mGET /auth/logout HTTP/1.1[0m" 401 -
2025-09-08 20:22:33 INFO 127.0.0.1 - - [08/Sep/2025 20:22:33] "[33mGET /auth HTTP/1.1[0m" 404 -
2025-09-08 20:22:41 INFO 127.0.0.1 - - [08/Sep/2025 20:22:41] "[32mGET / HTTP/1.1[0m" 302 -
2025-09-08 20:22:41 INFO 127.0.0.1 - - [08/Sep/2025 20:22:41] "GET /auth/login HTTP/1.1" 200 -
2025-09-08 20:22:41 INFO 127.0.0.1 - - [08/Sep/2025 20:22:41] "GET /static/styles/auth_common.css HTTP/1.1" 200 -
2025-09-08 20:22:41 INFO 127.0.0.1 - - [08/Sep/2025 20:22:41] "GET /static/styles/login.css HTTP/1.1" 200 -
2025-09-08 20:22:55 INFO 127.0.0.1 - - [08/Sep/2025 20:22:55] "GET /auth/register HTTP/1.1" 200 -
2025-09-08 20:22:55 INFO 127.0.0.1 - - [08/Sep/2025 20:22:55] "[36mGET /static/styles/auth_common.css HTTP/1.1[0m" 304 -
2025-09-08 20:22:55 INFO 127.0.0.1 - - [08/Sep/2025 20:22:55] "GET /static/styles/register.css HTTP/1.1" 200 -
2025-09-08 20:30:29 INFO 127.0.0.1 - - [08/Sep/2025 20:30:29] "GET /auth/login HTTP/1.1" 200 -
2025-09-08 20:30:29 INFO 127.0.0.1 - - [08/Sep/2025 20:30:29] "[36mGET /static/styles/auth_common.css HTTP/1.1[0m" 304 -
2025-09-08 20:30:29 INFO 127.0.0.1 - - [08/Sep/2025 20:30:29] "[36mGET /static/styles/login.css HTTP/1.1[0m" 304 -
2025-09-08 20:30:31 INFO 127.0.0.1 - - [08/Sep/2025 20:30:31] "GET /auth/login HTTP/1.1" 200 -
2025-09-08 20:30:31 INFO 127.0.0.1 - - [08/Sep/2025 20:30:31] "[36mGET /static/styles/auth_common.css HTTP/1.1[0m" 304 -
2025-09-08 20:30:31 INFO 127.0.0.1 - - [08/Sep/2025 20:30:31] "[36mGET /static/styles/login.css HTTP/1.1[0m" 304 -
2025-09-08 20:30:40 INFO [31m[1mWARNING: This is a development server. Do not use it in a production deployment. Use a production WSGI server instead.[0m
 * Running on http://127.0.0.1:5000
2025-09-08 20:30:40 INFO [33mPress CTRL+C to quit[0m
2025-09-08 20:30:45 INFO 127.0.0.1 - - [08/Sep/2025 20:30:45] "GET /auth/login HTTP/1.1" 200 -
2025-09-08 20:30:45 INFO 127.0.0.1 - - [08/Sep/2025 20:30:45] "[36mGET /static/styles/auth_common.css HTTP/1.1[0m" 304 -
2025-09-08 20:30:45 INFO 127.0.0.1 - - [08/Sep/2025 20:30:45] "[36mGET /static/styles/login.css HTTP/1.1[0m" 304 -
2025-09-08 20:30:46 INFO 127.0.0.1 - - [08/Sep/2025 20:30:46] "GET /auth/login HTTP/1.1" 200 -
2025-09-08 20:30:46 INFO 127.0.0.1 - - [08/Sep/2025 20:30:46] "[36mGET /static/styles/auth_common.css HTTP/1.1[0m" 304 -
2025-09-08 20:30:46 INFO 127.0.0.1 - - [08/Sep/2025 20:30:46] "[36mGET /static/styles/login.css HTTP/1.1[0m" 304 -
2025-09-08 20:30:49 INFO 127.0.0.1 - - [08/Sep/2025 20:30:49] "GET /auth/register HTTP/1.1" 200 -
2025-09-08 20:30:49 INFO 127.0.0.1 - - [08/Sep/2025 20:30:49] "[36mGET /static/styles/auth_common.css HTTP/1.1[0m" 304 -
2025-09-08 20:30:49 INFO 127.0.0.1 - - [08/Sep/2025 20:30:49] "[36mGET /static/styles/register.css HTTP/1.1[0m" 304 -
2025-09-08 20:31:26 INFO 127.0.0.1 - - [08/Sep/2025 20:31:26] "GET /auth/register HTTP/1.1" 200 -
2025-09-08 20:31:27 INFO 127.0.0.1 - - [08/Sep/2025 20:31:27] "[36mGET /static/styles/auth_common.css HTTP/1.1[0m" 304 -
2025-09-08 20:31:27 INFO 127.0.0.1 - - [08/Sep/2025 20:31:27] "[36mGET /static/styles/register.css HTTP/1.1[0m" 304 -
2025-09-08 20:31:28 INFO 127.0.0.1 - - [08/Sep/2025 20:31:28] "GET /auth/register HTTP/1.1" 200 -
2025-09-08 20:31:28 INFO 127.0.0.1 - - [08/Sep/2025 20:31:28] "[36mGET /static/styles/auth_common.css HTTP/1.1[0m" 304 -
2025-09-08 20:31:28 INFO 127.0.0.1 - - [08/Sep/2025 20:31:28] "[36mGET /static/styles/register.css HTTP/1.1[0m" 304 -
2025-09-08 20:32:08 INFO [31m[1mWARNING: This is a development server. Do not use it in a production deployment. Use a production WSGI server instead.[0m
 * Running on http://127.0.0.1:5000
2025-09-08 20:32:08 INFO [33mPress CTRL+C to quit[0m
2025-09-08 20:32:12 INFO 127.0.0.1 - - [08/Sep/2025 20:32:12] "GET /auth/register HTTP/1.1" 200 -
2025-09-08 20:32:12 INFO 127.0.0.1 - - [08/Sep/2025 20:32:12] "[36mGET /static/styles/register.css HTTP/1.1[0m" 304 -
2025-09-08 20:32:12 INFO 127.0.0.1 - - [08/Sep/2025 20:32:12] "[36mGET /static/styles/auth_common.css HTTP/1.1[0m" 304 -
2025-09-08 20:32:40 INFO 127.0.0.1 - - [08/Sep/2025 20:32:40] "GET /auth/register HTTP/1.1" 200 -
2025-09-08 20:32:40 INFO 127.0.0.1 - - [08/Sep/2025 20:32:40] "[36mGET /static/styles/auth_common.css HTTP/1.1[0m" 304 -
2025-09-08 20:32:40 INFO 127.0.0.1 - - [08/Sep/2025 20:32:40] "[36mGET /static/styles/register.css HTTP/1.1[0m" 304 -
2025-09-08 20:32:41 INFO 127.0.0.1 - - [08/Sep/2025 20:32:41] "GET /auth/register HTTP/1.1" 200 -
2025-09-08 20:32:41 INFO 127.0.0.1 - - [08/Sep/2025 20:32:41] "[36mGET /static/styles/auth_common.css HTTP/1.1[0m" 304 -
2025-09-08 20:32:41 INFO 127.0.0.1 - - [08/Sep/2025 20:32:41] "[36mGET /static/styles/register.css HTTP/1.1[0m" 304 -
2025-09-08 20:32:42 INFO 127.0.0.1 - - [08/Sep/2025 20:32:42] "GET /auth/register HTTP/1.1" 200 -
2025-09-08 20:32:42 INFO 127.0.0.1 - - [08/Sep/2025 20:32:42] "[36mGET /static/styles/auth_common.css HTTP/1.1[0m" 304 -
2025-09-08 20:32:42 INFO 127.0.0.1 - - [08/Sep/2025 20:32:42] "[36mGET /static/styles/register.css HTTP/1.1[0m" 304 -
2025-09-08 20:32:50 INFO [31m[1mWARNING: This is a development server. Do not use it in a production deployment. Use a production WSGI server instead.[0m
 * Running on http://127.0.0.1:5000
2025-09-08 20:32:50 INFO [33mPress CTRL+C to quit[0m
2025-09-08 20:32:52 INFO 127.0.0.1 - - [08/Sep/2025 20:32:52] "GET /auth/register HTTP/1.1" 200 -
2025-09-08 20:32:52 INFO 127.0.0.1 - - [08/Sep/2025 20:32:52] "[36mGET /static/styles/register.css HTTP/1.1[0m" 304 -
2025-09-08 20:32:52 INFO 127.0.0.1 - - [08/Sep/2025 20:32:52] "[36mGET /static/styles/auth_common.css HTTP/1.1[0m" 304 -
2025-09-08 20:33:29 INFO 127.0.0.1 - - [08/Sep/2025 20:33:29] "GET /auth/register HTTP/1.1" 200 -
2025-09-08 20:33:29 INFO 127.0.0.1 - - [08/Sep/2025 20:33:29] "[36mGET /static/styles/auth_common.css HTTP/1.1[0m" 304 -
2025-09-08 20:33:29 INFO 127.0.0.1 - - [08/Sep/2025 20:33:29] "[36mGET /static/styles/register.css HTTP/1.1[0m" 304 -
2025-09-08 20:35:04 INFO 127.0.0.1 - - [08/Sep/2025 20:35:04] "GET /auth/register HTTP/1.1" 200 -
2025-09-08 20:35:04 INFO 127.0.0.1 - - [08/Sep/2025 20:35:04] "GET /static/styles/auth_common.css HTTP/1.1" 200 -
2025-09-08 20:35:04 INFO 127.0.0.1 - - [08/Sep/2025 20:35:04] "[36mGET /static/styles/register.css HTTP/1.1[0m" 304 -
2025-09-08 21:21:13 INFO [31m[1mWARNING: This is a development server. Do not use it in a production deployment. Use a production WSGI server instead.[0m
 * Running on http://127.0.0.1:5000
2025-09-08 21:21:13 INFO [33mPress CTRL+C to quit[0m
2025-09-08 21:21:17 INFO 127.0.0.1 - - [08/Sep/2025 21:21:17] "GET /auth/register HTTP/1.1" 200 -
2025-09-08 21:21:17 INFO 127.0.0.1 - - [08/Sep/2025 21:21:17] "[36mGET /static/styles/auth_common.css HTTP/1.1[0m" 304 -
2025-09-08 21:21:17 INFO 127.0.0.1 - - [08/Sep/2025 21:21:17] "[36mGET /static/styles/register.css HTTP/1.1[0m" 304 -
2025-09-08 22:04:39 INFO 127.0.0.1 - - [08/Sep/2025 22:04:39] "GET /auth/register HTTP/1.1" 200 -
2025-09-08 22:04:39 INFO 127.0.0.1 - - [08/Sep/2025 22:04:39] "GET /static/styles/auth_common.css HTTP/1.1" 200 -
2025-09-08 22:04:39 INFO 127.0.0.1 - - [08/Sep/2025 22:04:39] "GET /static/styles/register.css HTTP/1.1" 200 -
2025-09-08 22:04:46 INFO 127.0.0.1 - - [08/Sep/2025 22:04:46] "GET /auth/register HTTP/1.1" 200 -
2025-09-08 22:04:46 INFO 127.0.0.1 - - [08/Sep/2025 22:04:46] "[36mGET /static/styles/auth_common.css HTTP/1.1[0m" 304 -
2025-09-08 22:04:46 INFO 127.0.0.1 - - [08/Sep/2025 22:04:46] "[36mGET /static/styles/register.css HTTP/1.1[0m" 304 -
2025-09-08 22:05:14 INFO [31m[1mWARNING: This is a development server. Do not use it in a production deployment. Use a production WSGI server instead.[0m
 * Running on http://127.0.0.1:5000
2025-09-08 22:05:14 INFO [33mPress CTRL+C to quit[0m
2025-09-08 22:05:18 INFO 127.0.0.1 - - [08/Sep/2025 22:05:18] "GET /auth/register HTTP/1.1" 200 -
2025-09-08 22:05:18 INFO 127.0.0.1 - - [08/Sep/2025 22:05:18] "[36mGET /static/styles/auth_common.css HTTP/1.1[0m" 304 -
2025-09-08 22:05:18 INFO 127.0.0.1 - - [08/Sep/2025 22:05:18] "[36mGET /static/styles/register.css HTTP/1.1[0m" 304 -
2025-09-08 22:06:08 INFO 127.0.0.1 - - [08/Sep/2025 22:06:08] "GET /auth/login HTTP/1.1" 200 -
2025-09-08 22:06:08 INFO 127.0.0.1 - - [08/Sep/2025 22:06:08] "[36mGET /static/styles/auth_common.css HTTP/1.1[0m" 304 -
2025-09-08 22:06:08 INFO 127.0.0.1 - - [08/Sep/2025 22:06:08] "[36mGET /static/styles/login.css HTTP/1.1[0m" 304 -
2025-09-08 22:12:32 INFO 127.0.0.1 - - [08/Sep/2025 22:12:32] "GET /auth/login HTTP/1.1" 200 -
2025-09-08 22:12:32 INFO 127.0.0.1 - - [08/Sep/2025 22:12:32] "[36mGET /static/styles/auth_common.css HTTP/1.1[0m" 304 -
2025-09-08 22:12:32 INFO 127.0.0.1 - - [08/Sep/2025 22:12:32] "GET /static/styles/login.css HTTP/1.1" 200 -
2025-09-08 22:12:41 INFO 127.0.0.1 - - [08/Sep/2025 22:12:41] "GET /auth/register HTTP/1.1" 200 -
2025-09-08 22:12:41 INFO 127.0.0.1 - - [08/Sep/2025 22:12:41] "[36mGET /static/styles/auth_common.css HTTP/1.1[0m" 304 -
2025-09-08 22:12:41 INFO 127.0.0.1 - - [08/Sep/2025 22:12:41] "GET /static/styles/register.css HTTP/1.1" 200 -
2025-09-08 22:12:50 INFO 127.0.0.1 - - [08/Sep/2025 22:12:50] "GET /auth/register HTTP/1.1" 200 -
2025-09-08 22:12:50 INFO 127.0.0.1 - - [08/Sep/2025 22:12:50] "[36mGET /static/styles/auth_common.css HTTP/1.1[0m" 304 -
2025-09-08 22:12:50 INFO 127.0.0.1 - - [08/Sep/2025 22:12:50] "[36mGET /static/styles/register.css HTTP/1.1[0m" 304 -
2025-09-08 22:25:18 INFO [31m[1mWARNING: This is a development server. Do not use it in a production deployment. Use a production WSGI server instead.[0m
 * Running on http://127.0.0.1:5000
2025-09-08 22:25:18 INFO [33mPress CTRL+C to quit[0m
2025-09-08 22:25:26 INFO 127.0.0.1 - - [08/Sep/2025 22:25:26] "GET /auth/login HTTP/1.1" 200 -
2025-09-08 22:25:26 INFO 127.0.0.1 - - [08/Sep/2025 22:25:26] "GET /static/styles/main.css HTTP/1.1" 200 -
2025-09-08 22:25:26 INFO 127.0.0.1 - - [08/Sep/2025 22:25:26] "GET /static/styles/forms.css HTTP/1.1" 200 -
2025-09-08 22:25:35 INFO 127.0.0.1 - - [08/Sep/2025 22:25:35] "GET /auth/register HTTP/1.1" 200 -
2025-09-08 22:25:36 INFO 127.0.0.1 - - [08/Sep/2025 22:25:36] "[36mGET /static/styles/main.css HTTP/1.1[0m" 304 -
2025-09-08 22:25:36 INFO 127.0.0.1 - - [08/Sep/2025 22:25:36] "[36mGET /static/styles/forms.css HTTP/1.1[0m" 304 -
2025-09-08 22:26:12 INFO 127.0.0.1 - - [08/Sep/2025 22:26:12] "GET /auth/register HTTP/1.1" 200 -
2025-09-08 22:26:12 INFO 127.0.0.1 - - [08/Sep/2025 22:26:12] "[36mGET /static/styles/main.css HTTP/1.1[0m" 304 -
2025-09-08 22:26:12 INFO 127.0.0.1 - - [08/Sep/2025 22:26:12] "[36mGET /static/styles/forms.css HTTP/1.1[0m" 304 -
2025-09-08 22:26:22 INFO 127.0.0.1 - - [08/Sep/2025 22:26:22] "GET /auth/register HTTP/1.1" 200 -
2025-09-08 22:26:22 INFO 127.0.0.1 - - [08/Sep/2025 22:26:22] "[36mGET /static/styles/main.css HTTP/1.1[0m" 304 -
2025-09-08 22:26:22 INFO 127.0.0.1 - - [08/Sep/2025 22:26:22] "[36mGET /static/styles/forms.css HTTP/1.1[0m" 304 -
2025-09-08 22:27:44 INFO 127.0.0.1 - - [08/Sep/2025 22:27:44] "GET /auth/register HTTP/1.1" 200 -
2025-09-08 22:27:45 INFO 127.0.0.1 - - [08/Sep/2025 22:27:45] "[36mGET /static/styles/main.css HTTP/1.1[0m" 304 -
2025-09-08 22:27:45 INFO 127.0.0.1 - - [08/Sep/2025 22:27:45] "[36mGET /static/styles/forms.css HTTP/1.1[0m" 304 -
2025-09-08 22:27:50 ERROR Exception on /auth/register [POST]
Traceback (most recent call last):
  File "I:\Work\Programming\Programming_Projects\Flasheeta\.venv\Lib\site-packages\sqlalchemy\engine\base.py", line 1967, in _exec_single_context
    self.dialect.do_execute(
  File "I:\Work\Programming\Programming_Projects\Flasheeta\.venv\Lib\site-packages\sqlalchemy\engine\default.py", line 924, in do_execute
    cursor.execute(statement, parameters)
  File "I:\Work\Programming\Programming_Projects\Flasheeta\.venv\Lib\site-packages\MySQLdb\cursors.py", line 179, in execute
    res = self._query(mogrified_query)
          ^^^^^^^^^^^^^^^^^^^^^^^^^^^^
  File "I:\Work\Programming\Programming_Projects\Flasheeta\.venv\Lib\site-packages\MySQLdb\cursors.py", line 330, in _query
    db.query(q)
  File "I:\Work\Programming\Programming_Projects\Flasheeta\.venv\Lib\site-packages\MySQLdb\connections.py", line 261, in query
    _mysql.connection.query(self, query)
MySQLdb.OperationalError: (1054, "Unknown column 'users.hashed_password' in 'field list'")

The above exception was the direct cause of the following exception:

Traceback (most recent call last):
  File "I:\Work\Programming\Programming_Projects\Flasheeta\.venv\Lib\site-packages\flask\app.py", line 1473, in wsgi_app
    response = self.full_dispatch_request()
               ^^^^^^^^^^^^^^^^^^^^^^^^^^^^
  File "I:\Work\Programming\Programming_Projects\Flasheeta\.venv\Lib\site-packages\flask\app.py", line 882, in full_dispatch_request
    rv = self.handle_user_exception(e)
         ^^^^^^^^^^^^^^^^^^^^^^^^^^^^^
  File "I:\Work\Programming\Programming_Projects\Flasheeta\.venv\Lib\site-packages\flask_cors\extension.py", line 165, in wrapped_function
    return cors_after_request(app.make_response(f(*args, **kwargs)))
                                                ^^^^^^^^^^^^^^^^^^
  File "I:\Work\Programming\Programming_Projects\Flasheeta\.venv\Lib\site-packages\flask\app.py", line 880, in full_dispatch_request
    rv = self.dispatch_request()
         ^^^^^^^^^^^^^^^^^^^^^^^
  File "I:\Work\Programming\Programming_Projects\Flasheeta\.venv\Lib\site-packages\flask\app.py", line 865, in dispatch_request
    return self.ensure_sync(self.view_functions[rule.endpoint])(**view_args)  # type: ignore[no-any-return]
           ^^^^^^^^^^^^^^^^^^^^^^^^^^^^^^^^^^^^^^^^^^^^^^^^^^^^^^^^^^^^^^^^^
  File "I:\Work\Programming\Programming_Projects\Flasheeta\app\web_routes\auth_routes.py", line 29, in register
    old_user = User.query.filter_by(name=username).first()
               ^^^^^^^^^^^^^^^^^^^^^^^^^^^^^^^^^^^^^^^^^^^
  File "I:\Work\Programming\Programming_Projects\Flasheeta\.venv\Lib\site-packages\sqlalchemy\orm\query.py", line 2728, in first
    return self.limit(1)._iter().first()  # type: ignore
           ^^^^^^^^^^^^^^^^^^^^^
  File "I:\Work\Programming\Programming_Projects\Flasheeta\.venv\Lib\site-packages\sqlalchemy\orm\query.py", line 2827, in _iter
    result: Union[ScalarResult[_T], Result[_T]] = self.session.execute(
                                                  ^^^^^^^^^^^^^^^^^^^^^
  File "I:\Work\Programming\Programming_Projects\Flasheeta\.venv\Lib\site-packages\sqlalchemy\orm\session.py", line 2351, in execute
    return self._execute_internal(
           ^^^^^^^^^^^^^^^^^^^^^^^
  File "I:\Work\Programming\Programming_Projects\Flasheeta\.venv\Lib\site-packages\sqlalchemy\orm\session.py", line 2236, in _execute_internal
    result: Result[Any] = compile_state_cls.orm_execute_statement(
                          ^^^^^^^^^^^^^^^^^^^^^^^^^^^^^^^^^^^^^^^^
  File "I:\Work\Programming\Programming_Projects\Flasheeta\.venv\Lib\site-packages\sqlalchemy\orm\context.py", line 293, in orm_execute_statement
    result = conn.execute(
             ^^^^^^^^^^^^^
  File "I:\Work\Programming\Programming_Projects\Flasheeta\.venv\Lib\site-packages\sqlalchemy\engine\base.py", line 1418, in execute
    return meth(
           ^^^^^
  File "I:\Work\Programming\Programming_Projects\Flasheeta\.venv\Lib\site-packages\sqlalchemy\sql\elements.py", line 515, in _execute_on_connection
    return connection._execute_clauseelement(
           ^^^^^^^^^^^^^^^^^^^^^^^^^^^^^^^^^^
  File "I:\Work\Programming\Programming_Projects\Flasheeta\.venv\Lib\site-packages\sqlalchemy\engine\base.py", line 1640, in _execute_clauseelement
    ret = self._execute_context(
          ^^^^^^^^^^^^^^^^^^^^^^
  File "I:\Work\Programming\Programming_Projects\Flasheeta\.venv\Lib\site-packages\sqlalchemy\engine\base.py", line 1846, in _execute_context
    return self._exec_single_context(
           ^^^^^^^^^^^^^^^^^^^^^^^^^^
  File "I:\Work\Programming\Programming_Projects\Flasheeta\.venv\Lib\site-packages\sqlalchemy\engine\base.py", line 1986, in _exec_single_context
    self._handle_dbapi_exception(
  File "I:\Work\Programming\Programming_Projects\Flasheeta\.venv\Lib\site-packages\sqlalchemy\engine\base.py", line 2353, in _handle_dbapi_exception
    raise sqlalchemy_exception.with_traceback(exc_info[2]) from e
  File "I:\Work\Programming\Programming_Projects\Flasheeta\.venv\Lib\site-packages\sqlalchemy\engine\base.py", line 1967, in _exec_single_context
    self.dialect.do_execute(
  File "I:\Work\Programming\Programming_Projects\Flasheeta\.venv\Lib\site-packages\sqlalchemy\engine\default.py", line 924, in do_execute
    cursor.execute(statement, parameters)
  File "I:\Work\Programming\Programming_Projects\Flasheeta\.venv\Lib\site-packages\MySQLdb\cursors.py", line 179, in execute
    res = self._query(mogrified_query)
          ^^^^^^^^^^^^^^^^^^^^^^^^^^^^
  File "I:\Work\Programming\Programming_Projects\Flasheeta\.venv\Lib\site-packages\MySQLdb\cursors.py", line 330, in _query
    db.query(q)
  File "I:\Work\Programming\Programming_Projects\Flasheeta\.venv\Lib\site-packages\MySQLdb\connections.py", line 261, in query
    _mysql.connection.query(self, query)
sqlalchemy.exc.OperationalError: (MySQLdb.OperationalError) (1054, "Unknown column 'users.hashed_password' in 'field list'")
[SQL: SELECT users.name AS users_name, users.hashed_password AS users_hashed_password, users.id AS users_id, users.created_at AS users_created_at, users.updated_at AS users_updated_at 
FROM users 
WHERE users.name = %s 
 LIMIT %s]
[parameters: ('Mohamed', 1)]
(Background on this error at: https://sqlalche.me/e/20/e3q8)
2025-09-08 22:27:50 INFO 127.0.0.1 - - [08/Sep/2025 22:27:50] "[35m[1mPOST /auth/register HTTP/1.1[0m" 500 -
2025-09-08 22:42:22 INFO 127.0.0.1 - - [08/Sep/2025 22:42:22] "GET /auth/register HTTP/1.1" 200 -
2025-09-08 22:46:08 INFO 127.0.0.1 - - [08/Sep/2025 22:46:08] "GET /auth/register HTTP/1.1" 200 -
2025-09-08 22:46:08 INFO 127.0.0.1 - - [08/Sep/2025 22:46:08] "GET /static/styles/main.css HTTP/1.1" 200 -
2025-09-08 22:46:08 INFO 127.0.0.1 - - [08/Sep/2025 22:46:08] "GET /static/styles/forms.css HTTP/1.1" 200 -
2025-09-08 22:47:05 INFO 127.0.0.1 - - [08/Sep/2025 22:47:05] "POST /auth/register HTTP/1.1" 200 -
2025-09-08 22:47:05 INFO 127.0.0.1 - - [08/Sep/2025 22:47:05] "[36mGET /static/styles/main.css HTTP/1.1[0m" 304 -
2025-09-08 22:47:05 INFO 127.0.0.1 - - [08/Sep/2025 22:47:05] "[36mGET /static/styles/forms.css HTTP/1.1[0m" 304 -
2025-09-08 23:13:45 INFO [31m[1mWARNING: This is a development server. Do not use it in a production deployment. Use a production WSGI server instead.[0m
 * Running on http://127.0.0.1:5000
2025-09-08 23:13:45 INFO [33mPress CTRL+C to quit[0m
2025-09-08 23:14:29 INFO 127.0.0.1 - - [08/Sep/2025 23:14:29] "POST /auth/register HTTP/1.1" 200 -
2025-09-08 23:14:29 INFO 127.0.0.1 - - [08/Sep/2025 23:14:29] "GET /static/styles/main.css HTTP/1.1" 200 -
2025-09-08 23:14:29 INFO 127.0.0.1 - - [08/Sep/2025 23:14:29] "[36mGET /static/styles/forms.css HTTP/1.1[0m" 304 -
2025-09-08 23:14:29 INFO 127.0.0.1 - - [08/Sep/2025 23:14:29] "[33mGET /favicon.ico HTTP/1.1[0m" 404 -
2025-09-08 23:14:40 INFO 127.0.0.1 - - [08/Sep/2025 23:14:40] "GET /auth/register HTTP/1.1" 200 -
2025-09-08 23:14:44 INFO 127.0.0.1 - - [08/Sep/2025 23:14:44] "GET /auth/register HTTP/1.1" 200 -
2025-09-08 23:14:44 INFO 127.0.0.1 - - [08/Sep/2025 23:14:44] "[36mGET /static/styles/main.css HTTP/1.1[0m" 304 -
2025-09-08 23:14:44 INFO 127.0.0.1 - - [08/Sep/2025 23:14:44] "[36mGET /static/styles/forms.css HTTP/1.1[0m" 304 -
2025-09-08 23:14:48 ERROR Exception on /auth/register [POST]
Traceback (most recent call last):
  File "I:\Work\Programming\Programming_Projects\Flasheeta\.venv\Lib\site-packages\sqlalchemy\engine\base.py", line 1967, in _exec_single_context
    self.dialect.do_execute(
  File "I:\Work\Programming\Programming_Projects\Flasheeta\.venv\Lib\site-packages\sqlalchemy\engine\default.py", line 924, in do_execute
    cursor.execute(statement, parameters)
  File "I:\Work\Programming\Programming_Projects\Flasheeta\.venv\Lib\site-packages\MySQLdb\cursors.py", line 179, in execute
    res = self._query(mogrified_query)
          ^^^^^^^^^^^^^^^^^^^^^^^^^^^^
  File "I:\Work\Programming\Programming_Projects\Flasheeta\.venv\Lib\site-packages\MySQLdb\cursors.py", line 330, in _query
    db.query(q)
  File "I:\Work\Programming\Programming_Projects\Flasheeta\.venv\Lib\site-packages\MySQLdb\connections.py", line 261, in query
    _mysql.connection.query(self, query)
MySQLdb.OperationalError: (1054, "Unknown column 'users.password_hash' in 'field list'")

The above exception was the direct cause of the following exception:

Traceback (most recent call last):
  File "I:\Work\Programming\Programming_Projects\Flasheeta\.venv\Lib\site-packages\flask\app.py", line 1473, in wsgi_app
    response = self.full_dispatch_request()
               ^^^^^^^^^^^^^^^^^^^^^^^^^^^^
  File "I:\Work\Programming\Programming_Projects\Flasheeta\.venv\Lib\site-packages\flask\app.py", line 882, in full_dispatch_request
    rv = self.handle_user_exception(e)
         ^^^^^^^^^^^^^^^^^^^^^^^^^^^^^
  File "I:\Work\Programming\Programming_Projects\Flasheeta\.venv\Lib\site-packages\flask_cors\extension.py", line 165, in wrapped_function
    return cors_after_request(app.make_response(f(*args, **kwargs)))
                                                ^^^^^^^^^^^^^^^^^^
  File "I:\Work\Programming\Programming_Projects\Flasheeta\.venv\Lib\site-packages\flask\app.py", line 880, in full_dispatch_request
    rv = self.dispatch_request()
         ^^^^^^^^^^^^^^^^^^^^^^^
  File "I:\Work\Programming\Programming_Projects\Flasheeta\.venv\Lib\site-packages\flask\app.py", line 865, in dispatch_request
    return self.ensure_sync(self.view_functions[rule.endpoint])(**view_args)  # type: ignore[no-any-return]
           ^^^^^^^^^^^^^^^^^^^^^^^^^^^^^^^^^^^^^^^^^^^^^^^^^^^^^^^^^^^^^^^^^
  File "I:\Work\Programming\Programming_Projects\Flasheeta\app\web_routes\auth_routes.py", line 29, in register
    old_user = User.query.filter_by(name=username).first()
               ^^^^^^^^^^^^^^^^^^^^^^^^^^^^^^^^^^^^^^^^^^^
  File "I:\Work\Programming\Programming_Projects\Flasheeta\.venv\Lib\site-packages\sqlalchemy\orm\query.py", line 2728, in first
    return self.limit(1)._iter().first()  # type: ignore
           ^^^^^^^^^^^^^^^^^^^^^
  File "I:\Work\Programming\Programming_Projects\Flasheeta\.venv\Lib\site-packages\sqlalchemy\orm\query.py", line 2827, in _iter
    result: Union[ScalarResult[_T], Result[_T]] = self.session.execute(
                                                  ^^^^^^^^^^^^^^^^^^^^^
  File "I:\Work\Programming\Programming_Projects\Flasheeta\.venv\Lib\site-packages\sqlalchemy\orm\session.py", line 2351, in execute
    return self._execute_internal(
           ^^^^^^^^^^^^^^^^^^^^^^^
  File "I:\Work\Programming\Programming_Projects\Flasheeta\.venv\Lib\site-packages\sqlalchemy\orm\session.py", line 2236, in _execute_internal
    result: Result[Any] = compile_state_cls.orm_execute_statement(
                          ^^^^^^^^^^^^^^^^^^^^^^^^^^^^^^^^^^^^^^^^
  File "I:\Work\Programming\Programming_Projects\Flasheeta\.venv\Lib\site-packages\sqlalchemy\orm\context.py", line 293, in orm_execute_statement
    result = conn.execute(
             ^^^^^^^^^^^^^
  File "I:\Work\Programming\Programming_Projects\Flasheeta\.venv\Lib\site-packages\sqlalchemy\engine\base.py", line 1418, in execute
    return meth(
           ^^^^^
  File "I:\Work\Programming\Programming_Projects\Flasheeta\.venv\Lib\site-packages\sqlalchemy\sql\elements.py", line 515, in _execute_on_connection
    return connection._execute_clauseelement(
           ^^^^^^^^^^^^^^^^^^^^^^^^^^^^^^^^^^
  File "I:\Work\Programming\Programming_Projects\Flasheeta\.venv\Lib\site-packages\sqlalchemy\engine\base.py", line 1640, in _execute_clauseelement
    ret = self._execute_context(
          ^^^^^^^^^^^^^^^^^^^^^^
  File "I:\Work\Programming\Programming_Projects\Flasheeta\.venv\Lib\site-packages\sqlalchemy\engine\base.py", line 1846, in _execute_context
    return self._exec_single_context(
           ^^^^^^^^^^^^^^^^^^^^^^^^^^
  File "I:\Work\Programming\Programming_Projects\Flasheeta\.venv\Lib\site-packages\sqlalchemy\engine\base.py", line 1986, in _exec_single_context
    self._handle_dbapi_exception(
  File "I:\Work\Programming\Programming_Projects\Flasheeta\.venv\Lib\site-packages\sqlalchemy\engine\base.py", line 2353, in _handle_dbapi_exception
    raise sqlalchemy_exception.with_traceback(exc_info[2]) from e
  File "I:\Work\Programming\Programming_Projects\Flasheeta\.venv\Lib\site-packages\sqlalchemy\engine\base.py", line 1967, in _exec_single_context
    self.dialect.do_execute(
  File "I:\Work\Programming\Programming_Projects\Flasheeta\.venv\Lib\site-packages\sqlalchemy\engine\default.py", line 924, in do_execute
    cursor.execute(statement, parameters)
  File "I:\Work\Programming\Programming_Projects\Flasheeta\.venv\Lib\site-packages\MySQLdb\cursors.py", line 179, in execute
    res = self._query(mogrified_query)
          ^^^^^^^^^^^^^^^^^^^^^^^^^^^^
  File "I:\Work\Programming\Programming_Projects\Flasheeta\.venv\Lib\site-packages\MySQLdb\cursors.py", line 330, in _query
    db.query(q)
  File "I:\Work\Programming\Programming_Projects\Flasheeta\.venv\Lib\site-packages\MySQLdb\connections.py", line 261, in query
    _mysql.connection.query(self, query)
sqlalchemy.exc.OperationalError: (MySQLdb.OperationalError) (1054, "Unknown column 'users.password_hash' in 'field list'")
[SQL: SELECT users.name AS users_name, users.password_hash AS users_password_hash, users.id AS users_id, users.created_at AS users_created_at, users.updated_at AS users_updated_at 
FROM users 
WHERE users.name = %s 
 LIMIT %s]
[parameters: ('Mohamed', 1)]
(Background on this error at: https://sqlalche.me/e/20/e3q8)
2025-09-08 23:14:48 INFO 127.0.0.1 - - [08/Sep/2025 23:14:48] "[35m[1mPOST /auth/register HTTP/1.1[0m" 500 -
2025-09-08 23:14:52 INFO 127.0.0.1 - - [08/Sep/2025 23:14:52] "GET /auth/register HTTP/1.1" 200 -
2025-09-08 23:15:02 INFO 127.0.0.1 - - [08/Sep/2025 23:15:02] "POST /auth/register HTTP/1.1" 200 -
2025-09-08 23:15:02 INFO 127.0.0.1 - - [08/Sep/2025 23:15:02] "[36mGET /static/styles/main.css HTTP/1.1[0m" 304 -
2025-09-08 23:15:02 INFO 127.0.0.1 - - [08/Sep/2025 23:15:02] "[36mGET /static/styles/forms.css HTTP/1.1[0m" 304 -
2025-09-08 23:15:38 INFO 127.0.0.1 - - [08/Sep/2025 23:15:38] "POST /auth/register HTTP/1.1" 200 -
2025-09-08 23:15:38 INFO 127.0.0.1 - - [08/Sep/2025 23:15:38] "[36mGET /static/styles/main.css HTTP/1.1[0m" 304 -
2025-09-08 23:15:38 INFO 127.0.0.1 - - [08/Sep/2025 23:15:38] "[36mGET /static/styles/forms.css HTTP/1.1[0m" 304 -
2025-09-08 23:15:55 INFO 127.0.0.1 - - [08/Sep/2025 23:15:55] "POST /auth/register HTTP/1.1" 200 -
2025-09-08 23:15:55 INFO 127.0.0.1 - - [08/Sep/2025 23:15:55] "[36mGET /static/styles/main.css HTTP/1.1[0m" 304 -
2025-09-08 23:15:55 INFO 127.0.0.1 - - [08/Sep/2025 23:15:55] "[36mGET /static/styles/forms.css HTTP/1.1[0m" 304 -
2025-09-08 23:16:22 INFO 127.0.0.1 - - [08/Sep/2025 23:16:22] "POST /auth/register HTTP/1.1" 200 -
2025-09-08 23:16:22 INFO 127.0.0.1 - - [08/Sep/2025 23:16:22] "[36mGET /static/styles/main.css HTTP/1.1[0m" 304 -
2025-09-08 23:16:22 INFO 127.0.0.1 - - [08/Sep/2025 23:16:22] "[36mGET /static/styles/forms.css HTTP/1.1[0m" 304 -
2025-09-08 23:16:37 INFO 127.0.0.1 - - [08/Sep/2025 23:16:37] "POST /auth/register HTTP/1.1" 200 -
2025-09-08 23:16:37 INFO 127.0.0.1 - - [08/Sep/2025 23:16:37] "[36mGET /static/styles/main.css HTTP/1.1[0m" 304 -
2025-09-08 23:16:37 INFO 127.0.0.1 - - [08/Sep/2025 23:16:37] "[36mGET /static/styles/forms.css HTTP/1.1[0m" 304 -
2025-09-08 23:25:40 INFO [31m[1mWARNING: This is a development server. Do not use it in a production deployment. Use a production WSGI server instead.[0m
 * Running on http://127.0.0.1:5000
2025-09-08 23:25:40 INFO [33mPress CTRL+C to quit[0m
2025-09-08 23:25:52 INFO 127.0.0.1 - - [08/Sep/2025 23:25:52] "POST /auth/register HTTP/1.1" 200 -
2025-09-08 23:25:53 INFO 127.0.0.1 - - [08/Sep/2025 23:25:53] "[36mGET /static/styles/forms.css HTTP/1.1[0m" 304 -
2025-09-08 23:25:53 INFO 127.0.0.1 - - [08/Sep/2025 23:25:53] "[36mGET /static/styles/main.css HTTP/1.1[0m" 304 -
2025-09-08 23:25:59 INFO 127.0.0.1 - - [08/Sep/2025 23:25:59] "POST /auth/register HTTP/1.1" 200 -
2025-09-08 23:25:59 INFO 127.0.0.1 - - [08/Sep/2025 23:25:59] "[36mGET /static/styles/main.css HTTP/1.1[0m" 304 -
2025-09-08 23:25:59 INFO 127.0.0.1 - - [08/Sep/2025 23:25:59] "[36mGET /static/styles/forms.css HTTP/1.1[0m" 304 -
2025-09-08 23:26:03 ERROR Exception on /auth/register [POST]
Traceback (most recent call last):
  File "I:\Work\Programming\Programming_Projects\Flasheeta\.venv\Lib\site-packages\sqlalchemy\engine\base.py", line 1967, in _exec_single_context
    self.dialect.do_execute(
  File "I:\Work\Programming\Programming_Projects\Flasheeta\.venv\Lib\site-packages\sqlalchemy\engine\default.py", line 924, in do_execute
    cursor.execute(statement, parameters)
  File "I:\Work\Programming\Programming_Projects\Flasheeta\.venv\Lib\site-packages\MySQLdb\cursors.py", line 179, in execute
    res = self._query(mogrified_query)
          ^^^^^^^^^^^^^^^^^^^^^^^^^^^^
  File "I:\Work\Programming\Programming_Projects\Flasheeta\.venv\Lib\site-packages\MySQLdb\cursors.py", line 330, in _query
    db.query(q)
  File "I:\Work\Programming\Programming_Projects\Flasheeta\.venv\Lib\site-packages\MySQLdb\connections.py", line 261, in query
    _mysql.connection.query(self, query)
MySQLdb.OperationalError: (1054, "Unknown column 'users.password_hash' in 'field list'")

The above exception was the direct cause of the following exception:

Traceback (most recent call last):
  File "I:\Work\Programming\Programming_Projects\Flasheeta\.venv\Lib\site-packages\flask\app.py", line 1473, in wsgi_app
    response = self.full_dispatch_request()
               ^^^^^^^^^^^^^^^^^^^^^^^^^^^^
  File "I:\Work\Programming\Programming_Projects\Flasheeta\.venv\Lib\site-packages\flask\app.py", line 882, in full_dispatch_request
    rv = self.handle_user_exception(e)
         ^^^^^^^^^^^^^^^^^^^^^^^^^^^^^
  File "I:\Work\Programming\Programming_Projects\Flasheeta\.venv\Lib\site-packages\flask_cors\extension.py", line 165, in wrapped_function
    return cors_after_request(app.make_response(f(*args, **kwargs)))
                                                ^^^^^^^^^^^^^^^^^^
  File "I:\Work\Programming\Programming_Projects\Flasheeta\.venv\Lib\site-packages\flask\app.py", line 880, in full_dispatch_request
    rv = self.dispatch_request()
         ^^^^^^^^^^^^^^^^^^^^^^^
  File "I:\Work\Programming\Programming_Projects\Flasheeta\.venv\Lib\site-packages\flask\app.py", line 865, in dispatch_request
    return self.ensure_sync(self.view_functions[rule.endpoint])(**view_args)  # type: ignore[no-any-return]
           ^^^^^^^^^^^^^^^^^^^^^^^^^^^^^^^^^^^^^^^^^^^^^^^^^^^^^^^^^^^^^^^^^
  File "I:\Work\Programming\Programming_Projects\Flasheeta\app\web_routes\auth_routes.py", line 32, in register
    old_user = User.query.filter_by(name=username).first()
               ^^^^^^^^^^^^^^^^^^^^^^^^^^^^^^^^^^^^^^^^^^^
  File "I:\Work\Programming\Programming_Projects\Flasheeta\.venv\Lib\site-packages\sqlalchemy\orm\query.py", line 2728, in first
    return self.limit(1)._iter().first()  # type: ignore
           ^^^^^^^^^^^^^^^^^^^^^
  File "I:\Work\Programming\Programming_Projects\Flasheeta\.venv\Lib\site-packages\sqlalchemy\orm\query.py", line 2827, in _iter
    result: Union[ScalarResult[_T], Result[_T]] = self.session.execute(
                                                  ^^^^^^^^^^^^^^^^^^^^^
  File "I:\Work\Programming\Programming_Projects\Flasheeta\.venv\Lib\site-packages\sqlalchemy\orm\session.py", line 2351, in execute
    return self._execute_internal(
           ^^^^^^^^^^^^^^^^^^^^^^^
  File "I:\Work\Programming\Programming_Projects\Flasheeta\.venv\Lib\site-packages\sqlalchemy\orm\session.py", line 2236, in _execute_internal
    result: Result[Any] = compile_state_cls.orm_execute_statement(
                          ^^^^^^^^^^^^^^^^^^^^^^^^^^^^^^^^^^^^^^^^
  File "I:\Work\Programming\Programming_Projects\Flasheeta\.venv\Lib\site-packages\sqlalchemy\orm\context.py", line 293, in orm_execute_statement
    result = conn.execute(
             ^^^^^^^^^^^^^
  File "I:\Work\Programming\Programming_Projects\Flasheeta\.venv\Lib\site-packages\sqlalchemy\engine\base.py", line 1418, in execute
    return meth(
           ^^^^^
  File "I:\Work\Programming\Programming_Projects\Flasheeta\.venv\Lib\site-packages\sqlalchemy\sql\elements.py", line 515, in _execute_on_connection
    return connection._execute_clauseelement(
           ^^^^^^^^^^^^^^^^^^^^^^^^^^^^^^^^^^
  File "I:\Work\Programming\Programming_Projects\Flasheeta\.venv\Lib\site-packages\sqlalchemy\engine\base.py", line 1640, in _execute_clauseelement
    ret = self._execute_context(
          ^^^^^^^^^^^^^^^^^^^^^^
  File "I:\Work\Programming\Programming_Projects\Flasheeta\.venv\Lib\site-packages\sqlalchemy\engine\base.py", line 1846, in _execute_context
    return self._exec_single_context(
           ^^^^^^^^^^^^^^^^^^^^^^^^^^
  File "I:\Work\Programming\Programming_Projects\Flasheeta\.venv\Lib\site-packages\sqlalchemy\engine\base.py", line 1986, in _exec_single_context
    self._handle_dbapi_exception(
  File "I:\Work\Programming\Programming_Projects\Flasheeta\.venv\Lib\site-packages\sqlalchemy\engine\base.py", line 2353, in _handle_dbapi_exception
    raise sqlalchemy_exception.with_traceback(exc_info[2]) from e
  File "I:\Work\Programming\Programming_Projects\Flasheeta\.venv\Lib\site-packages\sqlalchemy\engine\base.py", line 1967, in _exec_single_context
    self.dialect.do_execute(
  File "I:\Work\Programming\Programming_Projects\Flasheeta\.venv\Lib\site-packages\sqlalchemy\engine\default.py", line 924, in do_execute
    cursor.execute(statement, parameters)
  File "I:\Work\Programming\Programming_Projects\Flasheeta\.venv\Lib\site-packages\MySQLdb\cursors.py", line 179, in execute
    res = self._query(mogrified_query)
          ^^^^^^^^^^^^^^^^^^^^^^^^^^^^
  File "I:\Work\Programming\Programming_Projects\Flasheeta\.venv\Lib\site-packages\MySQLdb\cursors.py", line 330, in _query
    db.query(q)
  File "I:\Work\Programming\Programming_Projects\Flasheeta\.venv\Lib\site-packages\MySQLdb\connections.py", line 261, in query
    _mysql.connection.query(self, query)
sqlalchemy.exc.OperationalError: (MySQLdb.OperationalError) (1054, "Unknown column 'users.password_hash' in 'field list'")
[SQL: SELECT users.name AS users_name, users.password_hash AS users_password_hash, users.id AS users_id, users.created_at AS users_created_at, users.updated_at AS users_updated_at 
FROM users 
WHERE users.name = %s 
 LIMIT %s]
[parameters: ('Mohamed', 1)]
(Background on this error at: https://sqlalche.me/e/20/e3q8)
2025-09-08 23:26:03 INFO 127.0.0.1 - - [08/Sep/2025 23:26:03] "[35m[1mPOST /auth/register HTTP/1.1[0m" 500 -
2025-09-08 23:26:15 INFO 127.0.0.1 - - [08/Sep/2025 23:26:15] "POST /auth/register HTTP/1.1" 200 -
2025-09-08 23:26:15 INFO 127.0.0.1 - - [08/Sep/2025 23:26:15] "[36mGET /static/styles/main.css HTTP/1.1[0m" 304 -
2025-09-08 23:26:15 INFO 127.0.0.1 - - [08/Sep/2025 23:26:15] "[36mGET /static/styles/forms.css HTTP/1.1[0m" 304 -
2025-09-08 23:26:43 ERROR Exception on /auth/register [POST]
Traceback (most recent call last):
  File "I:\Work\Programming\Programming_Projects\Flasheeta\.venv\Lib\site-packages\sqlalchemy\engine\base.py", line 1967, in _exec_single_context
    self.dialect.do_execute(
  File "I:\Work\Programming\Programming_Projects\Flasheeta\.venv\Lib\site-packages\sqlalchemy\engine\default.py", line 924, in do_execute
    cursor.execute(statement, parameters)
  File "I:\Work\Programming\Programming_Projects\Flasheeta\.venv\Lib\site-packages\MySQLdb\cursors.py", line 179, in execute
    res = self._query(mogrified_query)
          ^^^^^^^^^^^^^^^^^^^^^^^^^^^^
  File "I:\Work\Programming\Programming_Projects\Flasheeta\.venv\Lib\site-packages\MySQLdb\cursors.py", line 330, in _query
    db.query(q)
  File "I:\Work\Programming\Programming_Projects\Flasheeta\.venv\Lib\site-packages\MySQLdb\connections.py", line 261, in query
    _mysql.connection.query(self, query)
MySQLdb.OperationalError: (1054, "Unknown column 'users.password_hash' in 'field list'")

The above exception was the direct cause of the following exception:

Traceback (most recent call last):
  File "I:\Work\Programming\Programming_Projects\Flasheeta\.venv\Lib\site-packages\flask\app.py", line 1473, in wsgi_app
    response = self.full_dispatch_request()
               ^^^^^^^^^^^^^^^^^^^^^^^^^^^^
  File "I:\Work\Programming\Programming_Projects\Flasheeta\.venv\Lib\site-packages\flask\app.py", line 882, in full_dispatch_request
    rv = self.handle_user_exception(e)
         ^^^^^^^^^^^^^^^^^^^^^^^^^^^^^
  File "I:\Work\Programming\Programming_Projects\Flasheeta\.venv\Lib\site-packages\flask_cors\extension.py", line 165, in wrapped_function
    return cors_after_request(app.make_response(f(*args, **kwargs)))
                                                ^^^^^^^^^^^^^^^^^^
  File "I:\Work\Programming\Programming_Projects\Flasheeta\.venv\Lib\site-packages\flask\app.py", line 880, in full_dispatch_request
    rv = self.dispatch_request()
         ^^^^^^^^^^^^^^^^^^^^^^^
  File "I:\Work\Programming\Programming_Projects\Flasheeta\.venv\Lib\site-packages\flask\app.py", line 865, in dispatch_request
    return self.ensure_sync(self.view_functions[rule.endpoint])(**view_args)  # type: ignore[no-any-return]
           ^^^^^^^^^^^^^^^^^^^^^^^^^^^^^^^^^^^^^^^^^^^^^^^^^^^^^^^^^^^^^^^^^
  File "I:\Work\Programming\Programming_Projects\Flasheeta\app\web_routes\auth_routes.py", line 32, in register
    old_user = User.query.filter_by(name=username).first()
               ^^^^^^^^^^^^^^^^^^^^^^^^^^^^^^^^^^^^^^^^^^^
  File "I:\Work\Programming\Programming_Projects\Flasheeta\.venv\Lib\site-packages\sqlalchemy\orm\query.py", line 2728, in first
    return self.limit(1)._iter().first()  # type: ignore
           ^^^^^^^^^^^^^^^^^^^^^
  File "I:\Work\Programming\Programming_Projects\Flasheeta\.venv\Lib\site-packages\sqlalchemy\orm\query.py", line 2827, in _iter
    result: Union[ScalarResult[_T], Result[_T]] = self.session.execute(
                                                  ^^^^^^^^^^^^^^^^^^^^^
  File "I:\Work\Programming\Programming_Projects\Flasheeta\.venv\Lib\site-packages\sqlalchemy\orm\session.py", line 2351, in execute
    return self._execute_internal(
           ^^^^^^^^^^^^^^^^^^^^^^^
  File "I:\Work\Programming\Programming_Projects\Flasheeta\.venv\Lib\site-packages\sqlalchemy\orm\session.py", line 2236, in _execute_internal
    result: Result[Any] = compile_state_cls.orm_execute_statement(
                          ^^^^^^^^^^^^^^^^^^^^^^^^^^^^^^^^^^^^^^^^
  File "I:\Work\Programming\Programming_Projects\Flasheeta\.venv\Lib\site-packages\sqlalchemy\orm\context.py", line 293, in orm_execute_statement
    result = conn.execute(
             ^^^^^^^^^^^^^
  File "I:\Work\Programming\Programming_Projects\Flasheeta\.venv\Lib\site-packages\sqlalchemy\engine\base.py", line 1418, in execute
    return meth(
           ^^^^^
  File "I:\Work\Programming\Programming_Projects\Flasheeta\.venv\Lib\site-packages\sqlalchemy\sql\elements.py", line 515, in _execute_on_connection
    return connection._execute_clauseelement(
           ^^^^^^^^^^^^^^^^^^^^^^^^^^^^^^^^^^
  File "I:\Work\Programming\Programming_Projects\Flasheeta\.venv\Lib\site-packages\sqlalchemy\engine\base.py", line 1640, in _execute_clauseelement
    ret = self._execute_context(
          ^^^^^^^^^^^^^^^^^^^^^^
  File "I:\Work\Programming\Programming_Projects\Flasheeta\.venv\Lib\site-packages\sqlalchemy\engine\base.py", line 1846, in _execute_context
    return self._exec_single_context(
           ^^^^^^^^^^^^^^^^^^^^^^^^^^
  File "I:\Work\Programming\Programming_Projects\Flasheeta\.venv\Lib\site-packages\sqlalchemy\engine\base.py", line 1986, in _exec_single_context
    self._handle_dbapi_exception(
  File "I:\Work\Programming\Programming_Projects\Flasheeta\.venv\Lib\site-packages\sqlalchemy\engine\base.py", line 2353, in _handle_dbapi_exception
    raise sqlalchemy_exception.with_traceback(exc_info[2]) from e
  File "I:\Work\Programming\Programming_Projects\Flasheeta\.venv\Lib\site-packages\sqlalchemy\engine\base.py", line 1967, in _exec_single_context
    self.dialect.do_execute(
  File "I:\Work\Programming\Programming_Projects\Flasheeta\.venv\Lib\site-packages\sqlalchemy\engine\default.py", line 924, in do_execute
    cursor.execute(statement, parameters)
  File "I:\Work\Programming\Programming_Projects\Flasheeta\.venv\Lib\site-packages\MySQLdb\cursors.py", line 179, in execute
    res = self._query(mogrified_query)
          ^^^^^^^^^^^^^^^^^^^^^^^^^^^^
  File "I:\Work\Programming\Programming_Projects\Flasheeta\.venv\Lib\site-packages\MySQLdb\cursors.py", line 330, in _query
    db.query(q)
  File "I:\Work\Programming\Programming_Projects\Flasheeta\.venv\Lib\site-packages\MySQLdb\connections.py", line 261, in query
    _mysql.connection.query(self, query)
sqlalchemy.exc.OperationalError: (MySQLdb.OperationalError) (1054, "Unknown column 'users.password_hash' in 'field list'")
[SQL: SELECT users.name AS users_name, users.password_hash AS users_password_hash, users.id AS users_id, users.created_at AS users_created_at, users.updated_at AS users_updated_at 
FROM users 
WHERE users.name = %s 
 LIMIT %s]
[parameters: ('Mohamed', 1)]
(Background on this error at: https://sqlalche.me/e/20/e3q8)
2025-09-08 23:26:43 INFO 127.0.0.1 - - [08/Sep/2025 23:26:43] "[35m[1mPOST /auth/register HTTP/1.1[0m" 500 -
2025-09-08 23:28:39 INFO [31m[1mWARNING: This is a development server. Do not use it in a production deployment. Use a production WSGI server instead.[0m
 * Running on http://127.0.0.1:5000
2025-09-08 23:28:39 INFO [33mPress CTRL+C to quit[0m
2025-09-08 23:28:51 INFO 127.0.0.1 - - [08/Sep/2025 23:28:51] "POST /auth/register HTTP/1.1" 200 -
2025-09-08 23:28:51 INFO 127.0.0.1 - - [08/Sep/2025 23:28:51] "[36mGET /static/styles/forms.css HTTP/1.1[0m" 304 -
2025-09-08 23:28:51 INFO 127.0.0.1 - - [08/Sep/2025 23:28:51] "[36mGET /static/styles/main.css HTTP/1.1[0m" 304 -
2025-09-08 23:29:03 INFO 127.0.0.1 - - [08/Sep/2025 23:29:03] "GET /auth/login HTTP/1.1" 200 -
2025-09-08 23:29:03 INFO 127.0.0.1 - - [08/Sep/2025 23:29:03] "[36mGET /static/styles/main.css HTTP/1.1[0m" 304 -
2025-09-08 23:29:03 INFO 127.0.0.1 - - [08/Sep/2025 23:29:03] "[36mGET /static/styles/forms.css HTTP/1.1[0m" 304 -
2025-09-08 23:29:05 INFO 127.0.0.1 - - [08/Sep/2025 23:29:05] "POST /auth/login HTTP/1.1" 200 -
2025-09-08 23:29:05 INFO 127.0.0.1 - - [08/Sep/2025 23:29:05] "[36mGET /static/styles/main.css HTTP/1.1[0m" 304 -
2025-09-08 23:29:05 INFO 127.0.0.1 - - [08/Sep/2025 23:29:05] "[36mGET /static/styles/forms.css HTTP/1.1[0m" 304 -
2025-09-08 23:29:10 INFO 127.0.0.1 - - [08/Sep/2025 23:29:10] "POST /auth/login HTTP/1.1" 200 -
2025-09-08 23:29:10 INFO 127.0.0.1 - - [08/Sep/2025 23:29:10] "[36mGET /static/styles/main.css HTTP/1.1[0m" 304 -
2025-09-08 23:29:10 INFO 127.0.0.1 - - [08/Sep/2025 23:29:10] "[36mGET /static/styles/forms.css HTTP/1.1[0m" 304 -
2025-09-08 23:29:15 INFO 127.0.0.1 - - [08/Sep/2025 23:29:15] "GET /auth/register HTTP/1.1" 200 -
2025-09-08 23:29:15 INFO 127.0.0.1 - - [08/Sep/2025 23:29:15] "[36mGET /static/styles/main.css HTTP/1.1[0m" 304 -
2025-09-08 23:29:15 INFO 127.0.0.1 - - [08/Sep/2025 23:29:15] "[36mGET /static/styles/forms.css HTTP/1.1[0m" 304 -
2025-09-08 23:29:36 INFO 127.0.0.1 - - [08/Sep/2025 23:29:36] "[32mPOST /auth/register HTTP/1.1[0m" 302 -
2025-09-08 23:29:36 INFO 127.0.0.1 - - [08/Sep/2025 23:29:36] "GET /users/me/decks?user_id=37d40587-4a01-41a3-bd8f-301e64ddae2d HTTP/1.1" 200 -
2025-09-08 23:29:36 INFO 127.0.0.1 - - [08/Sep/2025 23:29:36] "[36mGET /static/styles/main.css HTTP/1.1[0m" 304 -
2025-09-08 23:29:36 INFO 127.0.0.1 - - [08/Sep/2025 23:29:36] "GET /static/styles/components.css HTTP/1.1" 200 -
2025-09-08 23:29:36 INFO 127.0.0.1 - - [08/Sep/2025 23:29:36] "GET /static/scripts/navbar_link_color.js HTTP/1.1" 200 -
2025-09-08 23:29:36 INFO 127.0.0.1 - - [08/Sep/2025 23:29:36] "GET /static/scripts/all_decks.js HTTP/1.1" 200 -
2025-09-08 23:29:36 INFO 127.0.0.1 - - [08/Sep/2025 23:29:36] "GET /api/v1/users/me/decks HTTP/1.1" 200 -
2025-09-08 23:29:44 INFO 127.0.0.1 - - [08/Sep/2025 23:29:44] "GET /users/me/flashcards/new HTTP/1.1" 200 -
2025-09-08 23:29:44 INFO 127.0.0.1 - - [08/Sep/2025 23:29:44] "[36mGET /static/styles/main.css HTTP/1.1[0m" 304 -
2025-09-08 23:29:44 INFO 127.0.0.1 - - [08/Sep/2025 23:29:44] "[36mGET /static/styles/forms.css HTTP/1.1[0m" 304 -
2025-09-08 23:29:44 INFO 127.0.0.1 - - [08/Sep/2025 23:29:44] "GET /static/scripts/new_deck_textfield.js HTTP/1.1" 200 -
2025-09-08 23:29:44 INFO 127.0.0.1 - - [08/Sep/2025 23:29:44] "[36mGET /static/scripts/navbar_link_color.js HTTP/1.1[0m" 304 -
2025-09-08 23:29:45 INFO 127.0.0.1 - - [08/Sep/2025 23:29:45] "GET /users/me/profile HTTP/1.1" 200 -
2025-09-08 23:29:45 INFO 127.0.0.1 - - [08/Sep/2025 23:29:45] "[36mGET /static/styles/main.css HTTP/1.1[0m" 304 -
2025-09-08 23:29:45 INFO 127.0.0.1 - - [08/Sep/2025 23:29:45] "[36mGET /static/styles/components.css HTTP/1.1[0m" 304 -
2025-09-08 23:29:45 INFO 127.0.0.1 - - [08/Sep/2025 23:29:45] "GET /static/scripts/profile.js HTTP/1.1" 200 -
2025-09-08 23:29:45 INFO 127.0.0.1 - - [08/Sep/2025 23:29:45] "[36mGET /static/scripts/navbar_link_color.js HTTP/1.1[0m" 304 -
2025-09-08 23:29:51 INFO 127.0.0.1 - - [08/Sep/2025 23:29:51] "GET /users/me/flashcards/new HTTP/1.1" 200 -
2025-09-08 23:29:51 INFO 127.0.0.1 - - [08/Sep/2025 23:29:51] "[36mGET /static/styles/main.css HTTP/1.1[0m" 304 -
2025-09-08 23:29:51 INFO 127.0.0.1 - - [08/Sep/2025 23:29:51] "[36mGET /static/styles/forms.css HTTP/1.1[0m" 304 -
2025-09-08 23:29:51 INFO 127.0.0.1 - - [08/Sep/2025 23:29:51] "[36mGET /static/scripts/navbar_link_color.js HTTP/1.1[0m" 304 -
2025-09-08 23:29:51 INFO 127.0.0.1 - - [08/Sep/2025 23:29:51] "[36mGET /static/scripts/new_deck_textfield.js HTTP/1.1[0m" 304 -
2025-09-08 23:29:51 INFO 127.0.0.1 - - [08/Sep/2025 23:29:51] "GET /users/me/decks HTTP/1.1" 200 -
2025-09-08 23:29:51 INFO 127.0.0.1 - - [08/Sep/2025 23:29:51] "[36mGET /static/styles/main.css HTTP/1.1[0m" 304 -
2025-09-08 23:29:51 INFO 127.0.0.1 - - [08/Sep/2025 23:29:51] "[36mGET /static/styles/components.css HTTP/1.1[0m" 304 -
2025-09-08 23:29:51 INFO 127.0.0.1 - - [08/Sep/2025 23:29:51] "[36mGET /static/scripts/all_decks.js HTTP/1.1[0m" 304 -
2025-09-08 23:29:51 INFO 127.0.0.1 - - [08/Sep/2025 23:29:51] "[36mGET /static/scripts/navbar_link_color.js HTTP/1.1[0m" 304 -
2025-09-08 23:29:51 INFO 127.0.0.1 - - [08/Sep/2025 23:29:51] "GET /api/v1/users/me/decks HTTP/1.1" 200 -
2025-09-08 23:29:52 INFO 127.0.0.1 - - [08/Sep/2025 23:29:52] "GET /users/me/flashcards/new HTTP/1.1" 200 -
2025-09-08 23:29:52 INFO 127.0.0.1 - - [08/Sep/2025 23:29:52] "[36mGET /static/styles/main.css HTTP/1.1[0m" 304 -
2025-09-08 23:29:52 INFO 127.0.0.1 - - [08/Sep/2025 23:29:52] "[36mGET /static/styles/forms.css HTTP/1.1[0m" 304 -
2025-09-08 23:29:52 INFO 127.0.0.1 - - [08/Sep/2025 23:29:52] "[36mGET /static/scripts/navbar_link_color.js HTTP/1.1[0m" 304 -
2025-09-08 23:29:52 INFO 127.0.0.1 - - [08/Sep/2025 23:29:52] "[36mGET /static/scripts/new_deck_textfield.js HTTP/1.1[0m" 304 -
2025-09-08 23:29:53 INFO 127.0.0.1 - - [08/Sep/2025 23:29:53] "GET /users/me/profile HTTP/1.1" 200 -
2025-09-08 23:29:53 INFO 127.0.0.1 - - [08/Sep/2025 23:29:53] "[36mGET /static/styles/main.css HTTP/1.1[0m" 304 -
2025-09-08 23:29:53 INFO 127.0.0.1 - - [08/Sep/2025 23:29:53] "[36mGET /static/scripts/navbar_link_color.js HTTP/1.1[0m" 304 -
2025-09-08 23:29:53 INFO 127.0.0.1 - - [08/Sep/2025 23:29:53] "[36mGET /static/scripts/profile.js HTTP/1.1[0m" 304 -
2025-09-08 23:29:53 INFO 127.0.0.1 - - [08/Sep/2025 23:29:53] "[36mGET /static/styles/components.css HTTP/1.1[0m" 304 -
2025-09-08 23:29:54 INFO 127.0.0.1 - - [08/Sep/2025 23:29:54] "GET /users/me/decks HTTP/1.1" 200 -
2025-09-08 23:29:54 INFO 127.0.0.1 - - [08/Sep/2025 23:29:54] "[36mGET /static/styles/main.css HTTP/1.1[0m" 304 -
2025-09-08 23:29:54 INFO 127.0.0.1 - - [08/Sep/2025 23:29:54] "[36mGET /static/styles/components.css HTTP/1.1[0m" 304 -
2025-09-08 23:29:54 INFO 127.0.0.1 - - [08/Sep/2025 23:29:54] "[36mGET /static/scripts/navbar_link_color.js HTTP/1.1[0m" 304 -
2025-09-08 23:29:54 INFO 127.0.0.1 - - [08/Sep/2025 23:29:54] "[36mGET /static/scripts/all_decks.js HTTP/1.1[0m" 304 -
2025-09-08 23:29:54 INFO 127.0.0.1 - - [08/Sep/2025 23:29:54] "GET /api/v1/users/me/decks HTTP/1.1" 200 -
2025-09-08 23:29:56 INFO 127.0.0.1 - - [08/Sep/2025 23:29:56] "GET /users/me/profile HTTP/1.1" 200 -
2025-09-08 23:29:56 INFO 127.0.0.1 - - [08/Sep/2025 23:29:56] "[36mGET /static/styles/main.css HTTP/1.1[0m" 304 -
2025-09-08 23:29:56 INFO 127.0.0.1 - - [08/Sep/2025 23:29:56] "[36mGET /static/styles/components.css HTTP/1.1[0m" 304 -
2025-09-08 23:29:56 INFO 127.0.0.1 - - [08/Sep/2025 23:29:56] "[36mGET /static/scripts/navbar_link_color.js HTTP/1.1[0m" 304 -
2025-09-08 23:29:56 INFO 127.0.0.1 - - [08/Sep/2025 23:29:56] "[36mGET /static/scripts/profile.js HTTP/1.1[0m" 304 -
2025-09-08 23:29:57 INFO 127.0.0.1 - - [08/Sep/2025 23:29:57] "[32mGET /auth/logout HTTP/1.1[0m" 302 -
2025-09-08 23:29:57 INFO 127.0.0.1 - - [08/Sep/2025 23:29:57] "GET /auth/login HTTP/1.1" 200 -
2025-09-08 23:29:57 INFO 127.0.0.1 - - [08/Sep/2025 23:29:57] "[36mGET /static/styles/main.css HTTP/1.1[0m" 304 -
2025-09-08 23:29:57 INFO 127.0.0.1 - - [08/Sep/2025 23:29:57] "[36mGET /static/styles/forms.css HTTP/1.1[0m" 304 -
2025-09-08 23:29:59 INFO 127.0.0.1 - - [08/Sep/2025 23:29:59] "GET /auth/register HTTP/1.1" 200 -
2025-09-08 23:29:59 INFO 127.0.0.1 - - [08/Sep/2025 23:29:59] "[36mGET /static/styles/main.css HTTP/1.1[0m" 304 -
2025-09-08 23:29:59 INFO 127.0.0.1 - - [08/Sep/2025 23:29:59] "[36mGET /static/styles/forms.css HTTP/1.1[0m" 304 -
2025-09-08 23:30:04 INFO 127.0.0.1 - - [08/Sep/2025 23:30:04] "POST /auth/register HTTP/1.1" 200 -
2025-09-08 23:30:04 INFO 127.0.0.1 - - [08/Sep/2025 23:30:04] "[36mGET /static/styles/main.css HTTP/1.1[0m" 304 -
2025-09-08 23:30:04 INFO 127.0.0.1 - - [08/Sep/2025 23:30:04] "[36mGET /static/styles/forms.css HTTP/1.1[0m" 304 -
2025-09-08 23:30:18 INFO 127.0.0.1 - - [08/Sep/2025 23:30:18] "GET /auth/register HTTP/1.1" 200 -
2025-09-08 23:30:22 INFO 127.0.0.1 - - [08/Sep/2025 23:30:22] "POST /auth/login HTTP/1.1" 200 -
2025-09-08 23:30:22 INFO 127.0.0.1 - - [08/Sep/2025 23:30:22] "[36mGET /static/styles/main.css HTTP/1.1[0m" 304 -
2025-09-08 23:30:22 INFO 127.0.0.1 - - [08/Sep/2025 23:30:22] "[36mGET /static/styles/forms.css HTTP/1.1[0m" 304 -
2025-09-08 23:30:37 INFO 127.0.0.1 - - [08/Sep/2025 23:30:37] "[32mPOST /auth/login HTTP/1.1[0m" 302 -
2025-09-08 23:30:37 INFO 127.0.0.1 - - [08/Sep/2025 23:30:37] "GET /users/me/decks HTTP/1.1" 200 -
2025-09-08 23:30:37 INFO 127.0.0.1 - - [08/Sep/2025 23:30:37] "[36mGET /static/styles/main.css HTTP/1.1[0m" 304 -
2025-09-08 23:30:37 INFO 127.0.0.1 - - [08/Sep/2025 23:30:37] "[36mGET /static/styles/components.css HTTP/1.1[0m" 304 -
2025-09-08 23:30:37 INFO 127.0.0.1 - - [08/Sep/2025 23:30:37] "[36mGET /static/scripts/all_decks.js HTTP/1.1[0m" 304 -
2025-09-08 23:30:37 INFO 127.0.0.1 - - [08/Sep/2025 23:30:37] "[36mGET /static/scripts/navbar_link_color.js HTTP/1.1[0m" 304 -
2025-09-08 23:30:37 INFO 127.0.0.1 - - [08/Sep/2025 23:30:37] "GET /api/v1/users/me/decks HTTP/1.1" 200 -
2025-09-08 23:30:38 INFO 127.0.0.1 - - [08/Sep/2025 23:30:38] "GET /users/me/flashcards/new HTTP/1.1" 200 -
2025-09-08 23:30:38 INFO 127.0.0.1 - - [08/Sep/2025 23:30:38] "[36mGET /static/styles/main.css HTTP/1.1[0m" 304 -
2025-09-08 23:30:38 INFO 127.0.0.1 - - [08/Sep/2025 23:30:38] "[36mGET /static/styles/forms.css HTTP/1.1[0m" 304 -
2025-09-08 23:30:38 INFO 127.0.0.1 - - [08/Sep/2025 23:30:38] "[36mGET /static/scripts/new_deck_textfield.js HTTP/1.1[0m" 304 -
2025-09-08 23:30:38 INFO 127.0.0.1 - - [08/Sep/2025 23:30:38] "[36mGET /static/scripts/navbar_link_color.js HTTP/1.1[0m" 304 -
2025-09-08 23:30:56 INFO 127.0.0.1 - - [08/Sep/2025 23:30:56] "[32mPOST /users/me/flashcards/new?user_id=37d40587-4a01-41a3-bd8f-301e64ddae2d HTTP/1.1[0m" 302 -
2025-09-08 23:30:56 INFO 127.0.0.1 - - [08/Sep/2025 23:30:56] "GET /users/me/flashcards/new HTTP/1.1" 200 -
2025-09-08 23:30:56 INFO 127.0.0.1 - - [08/Sep/2025 23:30:56] "[36mGET /static/styles/main.css HTTP/1.1[0m" 304 -
2025-09-08 23:30:56 INFO 127.0.0.1 - - [08/Sep/2025 23:30:56] "[36mGET /static/styles/forms.css HTTP/1.1[0m" 304 -
2025-09-08 23:30:56 INFO 127.0.0.1 - - [08/Sep/2025 23:30:56] "[36mGET /static/scripts/navbar_link_color.js HTTP/1.1[0m" 304 -
2025-09-08 23:30:56 INFO 127.0.0.1 - - [08/Sep/2025 23:30:56] "[36mGET /static/scripts/new_deck_textfield.js HTTP/1.1[0m" 304 -
2025-09-08 23:30:57 INFO 127.0.0.1 - - [08/Sep/2025 23:30:57] "GET /users/me/decks HTTP/1.1" 200 -
2025-09-08 23:30:57 INFO 127.0.0.1 - - [08/Sep/2025 23:30:57] "[36mGET /static/styles/main.css HTTP/1.1[0m" 304 -
2025-09-08 23:30:57 INFO 127.0.0.1 - - [08/Sep/2025 23:30:57] "[36mGET /static/styles/components.css HTTP/1.1[0m" 304 -
2025-09-08 23:30:57 INFO 127.0.0.1 - - [08/Sep/2025 23:30:57] "[36mGET /static/scripts/all_decks.js HTTP/1.1[0m" 304 -
2025-09-08 23:30:57 INFO 127.0.0.1 - - [08/Sep/2025 23:30:57] "[36mGET /static/scripts/navbar_link_color.js HTTP/1.1[0m" 304 -
2025-09-08 23:30:57 INFO 127.0.0.1 - - [08/Sep/2025 23:30:57] "GET /api/v1/users/me/decks HTTP/1.1" 200 -
2025-09-08 23:30:58 INFO 127.0.0.1 - - [08/Sep/2025 23:30:58] "GET /api/v1/users/me/decks/690dc393-d92c-46a9-8be9-49cba3f0e2a1/flashcards HTTP/1.1" 200 -
2025-09-08 23:30:58 INFO 127.0.0.1 - - [08/Sep/2025 23:30:58] "GET /api/v1/users/me/flashcards/c7212aff-00ed-445e-aebd-fa0c59078cc1/progress HTTP/1.1" 200 -
2025-09-08 23:31:19 INFO 127.0.0.1 - - [08/Sep/2025 23:31:19] "GET /users/me/flashcards/c7212aff-00ed-445e-aebd-fa0c59078cc1/edit HTTP/1.1" 200 -
2025-09-08 23:31:19 INFO 127.0.0.1 - - [08/Sep/2025 23:31:19] "[36mGET /static/styles/main.css HTTP/1.1[0m" 304 -
2025-09-08 23:31:19 INFO 127.0.0.1 - - [08/Sep/2025 23:31:19] "[36mGET /static/styles/forms.css HTTP/1.1[0m" 304 -
2025-09-08 23:31:19 INFO 127.0.0.1 - - [08/Sep/2025 23:31:19] "[36mGET /static/scripts/new_deck_textfield.js HTTP/1.1[0m" 304 -
2025-09-08 23:31:19 INFO 127.0.0.1 - - [08/Sep/2025 23:31:19] "[36mGET /static/scripts/navbar_link_color.js HTTP/1.1[0m" 304 -
2025-09-08 23:31:34 INFO 127.0.0.1 - - [08/Sep/2025 23:31:34] "[32mPOST /users/me/flashcards/c7212aff-00ed-445e-aebd-fa0c59078cc1/edit?deck_id= HTTP/1.1[0m" 302 -
2025-09-08 23:31:34 INFO 127.0.0.1 - - [08/Sep/2025 23:31:34] "GET /users/me/decks HTTP/1.1" 200 -
2025-09-08 23:31:34 INFO 127.0.0.1 - - [08/Sep/2025 23:31:34] "[36mGET /static/styles/main.css HTTP/1.1[0m" 304 -
2025-09-08 23:31:34 INFO 127.0.0.1 - - [08/Sep/2025 23:31:34] "[36mGET /static/scripts/all_decks.js HTTP/1.1[0m" 304 -
2025-09-08 23:31:34 INFO 127.0.0.1 - - [08/Sep/2025 23:31:34] "[36mGET /static/scripts/navbar_link_color.js HTTP/1.1[0m" 304 -
2025-09-08 23:31:34 INFO 127.0.0.1 - - [08/Sep/2025 23:31:34] "[36mGET /static/styles/components.css HTTP/1.1[0m" 304 -
2025-09-08 23:31:34 INFO 127.0.0.1 - - [08/Sep/2025 23:31:34] "GET /api/v1/users/me/decks HTTP/1.1" 200 -
2025-09-08 23:31:35 INFO 127.0.0.1 - - [08/Sep/2025 23:31:35] "GET /api/v1/users/me/decks/690dc393-d92c-46a9-8be9-49cba3f0e2a1/flashcards HTTP/1.1" 200 -
2025-09-08 23:31:35 INFO 127.0.0.1 - - [08/Sep/2025 23:31:35] "GET /api/v1/users/me/flashcards/c7212aff-00ed-445e-aebd-fa0c59078cc1/progress HTTP/1.1" 200 -
2025-09-08 23:31:42 INFO 127.0.0.1 - - [08/Sep/2025 23:31:42] "[35m[1mDELETE /api/v1/users/me/flashcards/c7212aff-00ed-445e-aebd-fa0c59078cc1 HTTP/1.1[0m" 204 -
2025-09-08 23:31:45 INFO 127.0.0.1 - - [08/Sep/2025 23:31:45] "GET /users/me/flashcards/new HTTP/1.1" 200 -
2025-09-08 23:31:45 INFO 127.0.0.1 - - [08/Sep/2025 23:31:45] "[36mGET /static/styles/main.css HTTP/1.1[0m" 304 -
2025-09-08 23:31:45 INFO 127.0.0.1 - - [08/Sep/2025 23:31:45] "[36mGET /static/styles/forms.css HTTP/1.1[0m" 304 -
2025-09-08 23:31:45 INFO 127.0.0.1 - - [08/Sep/2025 23:31:45] "[36mGET /static/scripts/navbar_link_color.js HTTP/1.1[0m" 304 -
2025-09-08 23:31:45 INFO 127.0.0.1 - - [08/Sep/2025 23:31:45] "[36mGET /static/scripts/new_deck_textfield.js HTTP/1.1[0m" 304 -
2025-09-08 23:32:05 INFO 127.0.0.1 - - [08/Sep/2025 23:32:05] "[32mPOST /users/me/flashcards/new?user_id=37d40587-4a01-41a3-bd8f-301e64ddae2d HTTP/1.1[0m" 302 -
2025-09-08 23:32:05 INFO 127.0.0.1 - - [08/Sep/2025 23:32:05] "GET /users/me/flashcards/new HTTP/1.1" 200 -
2025-09-08 23:32:05 INFO 127.0.0.1 - - [08/Sep/2025 23:32:05] "[36mGET /static/styles/main.css HTTP/1.1[0m" 304 -
2025-09-08 23:32:05 INFO 127.0.0.1 - - [08/Sep/2025 23:32:05] "[36mGET /static/scripts/new_deck_textfield.js HTTP/1.1[0m" 304 -
2025-09-08 23:32:05 INFO 127.0.0.1 - - [08/Sep/2025 23:32:05] "[36mGET /static/scripts/navbar_link_color.js HTTP/1.1[0m" 304 -
2025-09-08 23:32:05 INFO 127.0.0.1 - - [08/Sep/2025 23:32:05] "[36mGET /static/styles/forms.css HTTP/1.1[0m" 304 -
2025-09-08 23:32:07 INFO 127.0.0.1 - - [08/Sep/2025 23:32:07] "GET /users/me/decks HTTP/1.1" 200 -
2025-09-08 23:32:07 INFO 127.0.0.1 - - [08/Sep/2025 23:32:07] "[36mGET /static/styles/main.css HTTP/1.1[0m" 304 -
2025-09-08 23:32:07 INFO 127.0.0.1 - - [08/Sep/2025 23:32:07] "[36mGET /static/scripts/navbar_link_color.js HTTP/1.1[0m" 304 -
2025-09-08 23:32:07 INFO 127.0.0.1 - - [08/Sep/2025 23:32:07] "[36mGET /static/scripts/all_decks.js HTTP/1.1[0m" 304 -
2025-09-08 23:32:07 INFO 127.0.0.1 - - [08/Sep/2025 23:32:07] "GET /static/styles/components.css HTTP/1.1" 200 -
2025-09-08 23:32:07 INFO 127.0.0.1 - - [08/Sep/2025 23:32:07] "GET /api/v1/users/me/decks HTTP/1.1" 200 -
2025-09-08 23:32:07 INFO 127.0.0.1 - - [08/Sep/2025 23:32:07] "GET /api/v1/users/me/decks/690dc393-d92c-46a9-8be9-49cba3f0e2a1/flashcards HTTP/1.1" 200 -
2025-09-08 23:32:07 INFO 127.0.0.1 - - [08/Sep/2025 23:32:07] "GET /api/v1/users/me/flashcards/c9d8c450-88f7-4c44-99ed-72e185dc5bfd/progress HTTP/1.1" 200 -
2025-09-08 23:34:13 INFO 127.0.0.1 - - [08/Sep/2025 23:34:13] "GET /users/me/flashcards/c9d8c450-88f7-4c44-99ed-72e185dc5bfd/edit HTTP/1.1" 200 -
2025-09-08 23:34:13 INFO 127.0.0.1 - - [08/Sep/2025 23:34:13] "[36mGET /static/styles/main.css HTTP/1.1[0m" 304 -
2025-09-08 23:34:13 INFO 127.0.0.1 - - [08/Sep/2025 23:34:13] "[36mGET /static/scripts/new_deck_textfield.js HTTP/1.1[0m" 304 -
2025-09-08 23:34:13 INFO 127.0.0.1 - - [08/Sep/2025 23:34:13] "[36mGET /static/scripts/navbar_link_color.js HTTP/1.1[0m" 304 -
2025-09-08 23:34:13 INFO 127.0.0.1 - - [08/Sep/2025 23:34:13] "[36mGET /static/styles/forms.css HTTP/1.1[0m" 304 -
2025-09-08 23:36:28 INFO 127.0.0.1 - - [08/Sep/2025 23:36:28] "GET /users/me/decks HTTP/1.1" 200 -
2025-09-08 23:36:29 INFO 127.0.0.1 - - [08/Sep/2025 23:36:29] "[36mGET /static/styles/main.css HTTP/1.1[0m" 304 -
2025-09-08 23:36:29 INFO 127.0.0.1 - - [08/Sep/2025 23:36:29] "GET /static/styles/components.css HTTP/1.1" 200 -
2025-09-08 23:36:29 INFO 127.0.0.1 - - [08/Sep/2025 23:36:29] "[36mGET /static/scripts/navbar_link_color.js HTTP/1.1[0m" 304 -
2025-09-08 23:36:29 INFO 127.0.0.1 - - [08/Sep/2025 23:36:29] "[36mGET /static/scripts/all_decks.js HTTP/1.1[0m" 304 -
2025-09-08 23:36:29 INFO 127.0.0.1 - - [08/Sep/2025 23:36:29] "GET /api/v1/users/me/decks HTTP/1.1" 200 -
2025-09-08 23:36:30 INFO 127.0.0.1 - - [08/Sep/2025 23:36:30] "GET /api/v1/users/me/decks/690dc393-d92c-46a9-8be9-49cba3f0e2a1/flashcards HTTP/1.1" 200 -
2025-09-08 23:36:30 INFO 127.0.0.1 - - [08/Sep/2025 23:36:30] "GET /api/v1/users/me/flashcards/c9d8c450-88f7-4c44-99ed-72e185dc5bfd/progress HTTP/1.1" 200 -
2025-09-08 23:44:08 INFO [31m[1mWARNING: This is a development server. Do not use it in a production deployment. Use a production WSGI server instead.[0m
 * Running on http://127.0.0.1:5000
2025-09-08 23:44:08 INFO [33mPress CTRL+C to quit[0m
2025-09-08 23:44:17 INFO 127.0.0.1 - - [08/Sep/2025 23:44:17] "GET /users/me/decks HTTP/1.1" 200 -
2025-09-08 23:44:17 INFO 127.0.0.1 - - [08/Sep/2025 23:44:17] "GET /static/scripts/all_decks.js HTTP/1.1" 200 -
2025-09-08 23:44:17 INFO 127.0.0.1 - - [08/Sep/2025 23:44:17] "[36mGET /static/scripts/navbar_link_color.js HTTP/1.1[0m" 304 -
2025-09-08 23:44:17 INFO 127.0.0.1 - - [08/Sep/2025 23:44:17] "[36mGET /static/styles/main.css HTTP/1.1[0m" 304 -
2025-09-08 23:44:17 INFO 127.0.0.1 - - [08/Sep/2025 23:44:17] "[36mGET /static/styles/components.css HTTP/1.1[0m" 304 -
2025-09-08 23:44:17 INFO 127.0.0.1 - - [08/Sep/2025 23:44:17] "GET /api/v1/users/me/decks HTTP/1.1" 200 -
2025-09-08 23:44:18 INFO 127.0.0.1 - - [08/Sep/2025 23:44:18] "GET /api/v1/users/me/decks/690dc393-d92c-46a9-8be9-49cba3f0e2a1/flashcards HTTP/1.1" 200 -
2025-09-08 23:44:18 INFO 127.0.0.1 - - [08/Sep/2025 23:44:18] "GET /api/v1/users/me/flashcards/c9d8c450-88f7-4c44-99ed-72e185dc5bfd/progress HTTP/1.1" 200 -
2025-09-08 23:44:38 INFO 127.0.0.1 - - [08/Sep/2025 23:44:38] "GET /api/v1/users/me/flashcards/c9d8c450-88f7-4c44-99ed-72e185dc5bfd/progress HTTP/1.1" 200 -
2025-09-08 23:44:38 INFO 127.0.0.1 - - [08/Sep/2025 23:44:38] "GET /api/v1/users/me/flashcards/c9d8c450-88f7-4c44-99ed-72e185dc5bfd/progress HTTP/1.1" 200 -
2025-09-08 23:44:38 ERROR Exception on /api/v1/users/me/flashcards/c9d8c450-88f7-4c44-99ed-72e185dc5bfd/progress [PUT]
Traceback (most recent call last):
  File "I:\Work\Programming\Programming_Projects\Flasheeta\.venv\Lib\site-packages\flask\app.py", line 1473, in wsgi_app
    response = self.full_dispatch_request()
               ^^^^^^^^^^^^^^^^^^^^^^^^^^^^
  File "I:\Work\Programming\Programming_Projects\Flasheeta\.venv\Lib\site-packages\flask\app.py", line 882, in full_dispatch_request
    rv = self.handle_user_exception(e)
         ^^^^^^^^^^^^^^^^^^^^^^^^^^^^^
  File "I:\Work\Programming\Programming_Projects\Flasheeta\.venv\Lib\site-packages\flask_cors\extension.py", line 165, in wrapped_function
    return cors_after_request(app.make_response(f(*args, **kwargs)))
                                                ^^^^^^^^^^^^^^^^^^
  File "I:\Work\Programming\Programming_Projects\Flasheeta\.venv\Lib\site-packages\flask\app.py", line 880, in full_dispatch_request
    rv = self.dispatch_request()
         ^^^^^^^^^^^^^^^^^^^^^^^
  File "I:\Work\Programming\Programming_Projects\Flasheeta\.venv\Lib\site-packages\flask\app.py", line 865, in dispatch_request
    return self.ensure_sync(self.view_functions[rule.endpoint])(**view_args)  # type: ignore[no-any-return]
           ^^^^^^^^^^^^^^^^^^^^^^^^^^^^^^^^^^^^^^^^^^^^^^^^^^^^^^^^^^^^^^^^^
  File "I:\Work\Programming\Programming_Projects\Flasheeta\.venv\Lib\site-packages\flask_login\utils.py", line 290, in decorated_view
    return current_app.ensure_sync(func)(*args, **kwargs)
           ^^^^^^^^^^^^^^^^^^^^^^^^^^^^^^^^^^^^^^^^^^^^^^
  File "I:\Work\Programming\Programming_Projects\Flasheeta\app\api\v1\views\progress.py", line 99, in update_flashcard_progress
    return jsonify(progress.to_dict()), 200
                   ^^^^^^^^^^^^^^^^^^
  File "I:\Work\Programming\Programming_Projects\Flasheeta\app\models\base_model.py", line 52, in to_dict
    dct['created_at'] = dct.get('created_at').isoformat()
                        ^^^^^^^^^^^^^^^^^^^^^^^^^^^^^^^
AttributeError: 'NoneType' object has no attribute 'isoformat'
2025-09-08 23:44:38 INFO 127.0.0.1 - - [08/Sep/2025 23:44:38] "[35m[1mPUT /api/v1/users/me/flashcards/c9d8c450-88f7-4c44-99ed-72e185dc5bfd/progress HTTP/1.1[0m" 500 -
2025-09-08 23:44:41 INFO 127.0.0.1 - - [08/Sep/2025 23:44:41] "GET /api/v1/users/me/flashcards/c9d8c450-88f7-4c44-99ed-72e185dc5bfd/progress HTTP/1.1" 200 -
2025-09-08 23:44:42 ERROR Exception on /api/v1/users/me/flashcards/c9d8c450-88f7-4c44-99ed-72e185dc5bfd/progress [PUT]
Traceback (most recent call last):
  File "I:\Work\Programming\Programming_Projects\Flasheeta\.venv\Lib\site-packages\flask\app.py", line 1473, in wsgi_app
    response = self.full_dispatch_request()
               ^^^^^^^^^^^^^^^^^^^^^^^^^^^^
  File "I:\Work\Programming\Programming_Projects\Flasheeta\.venv\Lib\site-packages\flask\app.py", line 882, in full_dispatch_request
    rv = self.handle_user_exception(e)
         ^^^^^^^^^^^^^^^^^^^^^^^^^^^^^
  File "I:\Work\Programming\Programming_Projects\Flasheeta\.venv\Lib\site-packages\flask_cors\extension.py", line 165, in wrapped_function
    return cors_after_request(app.make_response(f(*args, **kwargs)))
                                                ^^^^^^^^^^^^^^^^^^
  File "I:\Work\Programming\Programming_Projects\Flasheeta\.venv\Lib\site-packages\flask\app.py", line 880, in full_dispatch_request
    rv = self.dispatch_request()
         ^^^^^^^^^^^^^^^^^^^^^^^
  File "I:\Work\Programming\Programming_Projects\Flasheeta\.venv\Lib\site-packages\flask\app.py", line 865, in dispatch_request
    return self.ensure_sync(self.view_functions[rule.endpoint])(**view_args)  # type: ignore[no-any-return]
           ^^^^^^^^^^^^^^^^^^^^^^^^^^^^^^^^^^^^^^^^^^^^^^^^^^^^^^^^^^^^^^^^^
  File "I:\Work\Programming\Programming_Projects\Flasheeta\.venv\Lib\site-packages\flask_login\utils.py", line 290, in decorated_view
    return current_app.ensure_sync(func)(*args, **kwargs)
           ^^^^^^^^^^^^^^^^^^^^^^^^^^^^^^^^^^^^^^^^^^^^^^
  File "I:\Work\Programming\Programming_Projects\Flasheeta\app\api\v1\views\progress.py", line 99, in update_flashcard_progress
    return jsonify(progress.to_dict()), 200
                   ^^^^^^^^^^^^^^^^^^
  File "I:\Work\Programming\Programming_Projects\Flasheeta\app\models\base_model.py", line 52, in to_dict
    dct['created_at'] = dct.get('created_at').isoformat()
                        ^^^^^^^^^^^^^^^^^^^^^^^^^^^^^^^
AttributeError: 'NoneType' object has no attribute 'isoformat'
2025-09-08 23:44:42 INFO 127.0.0.1 - - [08/Sep/2025 23:44:42] "[35m[1mPUT /api/v1/users/me/flashcards/c9d8c450-88f7-4c44-99ed-72e185dc5bfd/progress HTTP/1.1[0m" 500 -
2025-09-08 23:44:45 INFO 127.0.0.1 - - [08/Sep/2025 23:44:45] "GET /users/me/flashcards/new HTTP/1.1" 200 -
2025-09-08 23:44:45 INFO 127.0.0.1 - - [08/Sep/2025 23:44:45] "[36mGET /static/styles/main.css HTTP/1.1[0m" 304 -
2025-09-08 23:44:45 INFO 127.0.0.1 - - [08/Sep/2025 23:44:45] "[36mGET /static/styles/forms.css HTTP/1.1[0m" 304 -
2025-09-08 23:44:45 INFO 127.0.0.1 - - [08/Sep/2025 23:44:45] "[36mGET /static/scripts/new_deck_textfield.js HTTP/1.1[0m" 304 -
2025-09-08 23:44:45 INFO 127.0.0.1 - - [08/Sep/2025 23:44:45] "[36mGET /static/scripts/navbar_link_color.js HTTP/1.1[0m" 304 -
2025-09-08 23:45:10 INFO 127.0.0.1 - - [08/Sep/2025 23:45:10] "[32mPOST /users/me/flashcards/new?user_id=37d40587-4a01-41a3-bd8f-301e64ddae2d HTTP/1.1[0m" 302 -
2025-09-08 23:45:10 INFO 127.0.0.1 - - [08/Sep/2025 23:45:10] "GET /users/me/flashcards/new HTTP/1.1" 200 -
2025-09-08 23:45:10 INFO 127.0.0.1 - - [08/Sep/2025 23:45:10] "[36mGET /static/styles/main.css HTTP/1.1[0m" 304 -
2025-09-08 23:45:10 INFO 127.0.0.1 - - [08/Sep/2025 23:45:10] "[36mGET /static/styles/forms.css HTTP/1.1[0m" 304 -
2025-09-08 23:45:10 INFO 127.0.0.1 - - [08/Sep/2025 23:45:10] "[36mGET /static/scripts/new_deck_textfield.js HTTP/1.1[0m" 304 -
2025-09-08 23:45:10 INFO 127.0.0.1 - - [08/Sep/2025 23:45:10] "[36mGET /static/scripts/navbar_link_color.js HTTP/1.1[0m" 304 -
2025-09-08 23:45:11 INFO 127.0.0.1 - - [08/Sep/2025 23:45:11] "GET /users/me/decks HTTP/1.1" 200 -
2025-09-08 23:45:11 INFO 127.0.0.1 - - [08/Sep/2025 23:45:11] "[36mGET /static/styles/main.css HTTP/1.1[0m" 304 -
2025-09-08 23:45:11 INFO 127.0.0.1 - - [08/Sep/2025 23:45:11] "[36mGET /static/scripts/all_decks.js HTTP/1.1[0m" 304 -
2025-09-08 23:45:11 INFO 127.0.0.1 - - [08/Sep/2025 23:45:11] "[36mGET /static/styles/components.css HTTP/1.1[0m" 304 -
2025-09-08 23:45:11 INFO 127.0.0.1 - - [08/Sep/2025 23:45:11] "[36mGET /static/scripts/navbar_link_color.js HTTP/1.1[0m" 304 -
2025-09-08 23:45:11 INFO 127.0.0.1 - - [08/Sep/2025 23:45:11] "GET /api/v1/users/me/decks HTTP/1.1" 200 -
2025-09-08 23:45:12 INFO 127.0.0.1 - - [08/Sep/2025 23:45:12] "GET /api/v1/users/me/decks/690dc393-d92c-46a9-8be9-49cba3f0e2a1/flashcards HTTP/1.1" 200 -
2025-09-08 23:45:12 INFO 127.0.0.1 - - [08/Sep/2025 23:45:12] "GET /api/v1/users/me/flashcards/b8c5ab99-b9d2-4962-a425-0180e826c5c2/progress HTTP/1.1" 200 -
2025-09-08 23:46:04 INFO 127.0.0.1 - - [08/Sep/2025 23:46:04] "GET /users/me/decks HTTP/1.1" 200 -
2025-09-08 23:46:04 INFO 127.0.0.1 - - [08/Sep/2025 23:46:04] "[36mGET /static/styles/main.css HTTP/1.1[0m" 304 -
2025-09-08 23:46:04 INFO 127.0.0.1 - - [08/Sep/2025 23:46:04] "[36mGET /static/scripts/all_decks.js HTTP/1.1[0m" 304 -
2025-09-08 23:46:04 INFO 127.0.0.1 - - [08/Sep/2025 23:46:04] "[36mGET /static/styles/components.css HTTP/1.1[0m" 304 -
2025-09-08 23:46:04 INFO 127.0.0.1 - - [08/Sep/2025 23:46:04] "[36mGET /static/scripts/navbar_link_color.js HTTP/1.1[0m" 304 -
2025-09-08 23:46:04 INFO 127.0.0.1 - - [08/Sep/2025 23:46:04] "GET /api/v1/users/me/decks HTTP/1.1" 200 -
2025-09-08 23:46:09 INFO 127.0.0.1 - - [08/Sep/2025 23:46:09] "GET /api/v1/users/me/decks/690dc393-d92c-46a9-8be9-49cba3f0e2a1/flashcards HTTP/1.1" 200 -
2025-09-08 23:46:09 INFO 127.0.0.1 - - [08/Sep/2025 23:46:09] "GET /api/v1/users/me/flashcards/b8c5ab99-b9d2-4962-a425-0180e826c5c2/progress HTTP/1.1" 200 -
2025-09-08 23:46:13 INFO 127.0.0.1 - - [08/Sep/2025 23:46:13] "[35m[1mDELETE /api/v1/users/me/flashcards/b8c5ab99-b9d2-4962-a425-0180e826c5c2 HTTP/1.1[0m" 204 -
2025-09-08 23:46:13 INFO 127.0.0.1 - - [08/Sep/2025 23:46:13] "GET /api/v1/users/me/flashcards/c9d8c450-88f7-4c44-99ed-72e185dc5bfd/progress HTTP/1.1" 200 -
2025-09-08 23:46:14 INFO 127.0.0.1 - - [08/Sep/2025 23:46:14] "GET /users/me/profile HTTP/1.1" 200 -
2025-09-08 23:46:14 INFO 127.0.0.1 - - [08/Sep/2025 23:46:14] "[36mGET /static/styles/main.css HTTP/1.1[0m" 304 -
2025-09-08 23:46:14 INFO 127.0.0.1 - - [08/Sep/2025 23:46:14] "[36mGET /static/styles/components.css HTTP/1.1[0m" 304 -
2025-09-08 23:46:14 INFO 127.0.0.1 - - [08/Sep/2025 23:46:14] "[36mGET /static/scripts/navbar_link_color.js HTTP/1.1[0m" 304 -
2025-09-08 23:46:14 INFO 127.0.0.1 - - [08/Sep/2025 23:46:14] "GET /static/scripts/profile.js HTTP/1.1" 200 -
2025-09-08 23:46:15 INFO 127.0.0.1 - - [08/Sep/2025 23:46:15] "[32mGET /auth/logout HTTP/1.1[0m" 302 -
2025-09-08 23:46:15 INFO 127.0.0.1 - - [08/Sep/2025 23:46:15] "GET /auth/login HTTP/1.1" 200 -
2025-09-08 23:46:15 INFO 127.0.0.1 - - [08/Sep/2025 23:46:15] "[36mGET /static/styles/main.css HTTP/1.1[0m" 304 -
2025-09-08 23:46:15 INFO 127.0.0.1 - - [08/Sep/2025 23:46:15] "GET /static/styles/forms.css HTTP/1.1" 200 -
